This file contains any messages produced by compilers while
running configure, to aid debugging if configure makes a mistake.

It was created by libsc configure 2.8.1.44-954f, which was
generated by GNU Autoconf 2.69.  Invocation command line was

  $ ./configure --disable-option-checking --prefix=/Users/simone/Work/Codes/mmesh3d/github/MMesh3D/p4est/local CC=/Users/simone/mylibs/openmpi-4.1.0/build_gcc9/bin/mpicc CXX=/Users/simone/mylibs/openmpi-4.1.0/build_gcc9/bin/Users/simone/mylibs/openmpi-4.1.0/build_gcc9/bin/mpicxx FC=/Users/simone/mylibs/openmpi-4.1.0/build_gcc9/bin/mpif90 F77=/Users/simone/mylibs/openmpi-4.1.0/build_gcc9/bin/mpif77 --enable-p6est --enable-mpi --enable-static --disable-shared --cache-file=/dev/null --srcdir=.

## --------- ##
## Platform. ##
## --------- ##

hostname = Simones-iMac-Pro.local
uname -m = x86_64
uname -r = 20.6.0
uname -s = Darwin
uname -v = Darwin Kernel Version 20.6.0: Mon Aug 30 06:12:21 PDT 2021; root:xnu-7195.141.6~3/RELEASE_X86_64

/usr/bin/uname -p = i386
/bin/uname -X     = unknown

/bin/arch              = unknown
/usr/bin/arch -k       = unknown
/usr/convex/getsysinfo = unknown
/usr/bin/hostinfo      = Mach kernel version:
	 Darwin Kernel Version 20.6.0: Mon Aug 30 06:12:21 PDT 2021; root:xnu-7195.141.6~3/RELEASE_X86_64
Kernel configured for up to 36 processors.
18 processors are physically available.
36 processors are logically available.
Processor type: x86_64h (Intel x86-64h Haswell)
Processors active: 0 1 2 3 4 5 6 7 8 9 10 11 12 13 14 15 16 17 18 19 20 21 22 23 24 25 26 27 28 29 30 31 32 33 34 35
Primary memory available: 32.00 gigabytes
Default processor set: 590 tasks, 2935 threads, 36 processors
Load average: 2.40, Mach factor: 33.59
/bin/machine           = unknown
/usr/bin/oslevel       = unknown
/bin/universe          = unknown

PATH: /Applications/MATLAB_R2019b.app/bin
PATH: /Applications/Julia-1.3.app/Contents/Resources/julia/bin
PATH: /usr/local/opt/qt/bin
PATH: /opt/local/bin
PATH: /opt/local/sbin
PATH: /usr/local/opt/qt/bin
PATH: /usr/local/bin
PATH: /usr/bin
PATH: /bin
PATH: /usr/sbin
PATH: /sbin
PATH: /Library/TeX/texbin
PATH: /opt/X11/bin
PATH: /Users/simone/mylibs/openmpi-4.1.0/build_gcc9/bin
PATH: /Users/simone/mylibs/netcdf-4.6.1
PATH: /Users/simone/Work/Alya/Alya-cees/Alya/Utils/user


## ----------- ##
## Core tests. ##
## ----------- ##

configure:2568: checking for a BSD-compatible install
configure:2636: result: /usr/bin/install -c
configure:2647: checking whether build environment is sane
configure:2702: result: yes
configure:2853: checking for a thread-safe mkdir -p
configure:2892: result: build-aux/install-sh -c -d
configure:2899: checking for gawk
configure:2929: result: no
configure:2899: checking for mawk
configure:2929: result: no
configure:2899: checking for nawk
configure:2929: result: no
configure:2899: checking for awk
configure:2915: found /usr/bin/awk
configure:2926: result: awk
configure:2937: checking whether make sets $(MAKE)
configure:2959: result: yes
configure:2988: checking whether make supports nested variables
configure:3005: result: yes
configure:3142: checking whether make supports nested variables
configure:3159: result: yes
configure:3170: checking for a sed that does not truncate output
configure:3234: result: /usr/bin/sed
configure:3245: checking Major version
configure:3247: result: 2
configure:3249: checking Minor version
configure:3251: result: 8
configure:3253: checking Point version
configure:3255: result: 1.44-954f
configure:3429: checking whether we are using MPI
configure:3431: result: yes
configure:3448: checking whether we are using MPI I/O
configure:3450: result: yes
configure:3467: checking whether we are using MPI_Init_thread
configure:3469: result: yes
configure:3479: checking for mpiexec
configure:3495: found /usr/local/bin/mpiexec
configure:3506: result: mpiexec
configure:3547:                              CC set to /Users/simone/mylibs/openmpi-4.1.0/build_gcc9/bin/mpicc
configure:3602: checking whether make supports the include directive
configure:3617: make -f confmf.GNU && cat confinc.out
this is the am__doit target
configure:3620: $? = 0
configure:3639: result: yes (GNU style)
configure:3709: checking for gcc
configure:3736: result: /Users/simone/mylibs/openmpi-4.1.0/build_gcc9/bin/mpicc
configure:3965: checking for C compiler version
configure:3974: /Users/simone/mylibs/openmpi-4.1.0/build_gcc9/bin/mpicc --version >&5
gcc-9 (Homebrew GCC 9.4.0) 9.4.0
Copyright (C) 2019 Free Software Foundation, Inc.
This is free software; see the source for copying conditions.  There is NO
warranty; not even for MERCHANTABILITY or FITNESS FOR A PARTICULAR PURPOSE.

configure:3985: $? = 0
configure:3974: /Users/simone/mylibs/openmpi-4.1.0/build_gcc9/bin/mpicc -v >&5
Using built-in specs.
COLLECT_GCC=/usr/local/bin/gcc-9
COLLECT_LTO_WRAPPER=/usr/local/Cellar/gcc@9/9.4.0/libexec/gcc/x86_64-apple-darwin20/9.4.0/lto-wrapper
Target: x86_64-apple-darwin20
Configured with: ../configure --prefix=/usr/local/Cellar/gcc@9/9.4.0 --libdir=/usr/local/Cellar/gcc@9/9.4.0/lib/gcc/9 --disable-nls --enable-checking=release --enable-languages=c,c++,objc,obj-c++,fortran --program-suffix=-9 --with-gmp=/usr/local/opt/gmp --with-mpfr=/usr/local/opt/mpfr --with-mpc=/usr/local/opt/libmpc --with-isl=/usr/local/opt/isl --with-pkgversion='Homebrew GCC 9.4.0' --with-bugurl=https://github.com/Homebrew/homebrew-core/issues --build=x86_64-apple-darwin20 --with-system-zlib --disable-multilib --without-build-config --with-native-system-header-dir=/usr/include --with-sysroot=/Library/Developer/CommandLineTools/SDKs/MacOSX.sdk
Thread model: posix
gcc version 9.4.0 (Homebrew GCC 9.4.0) 
configure:3985: $? = 0
configure:3974: /Users/simone/mylibs/openmpi-4.1.0/build_gcc9/bin/mpicc -V >&5
gcc-9: error: unrecognized command line option '-V'
gcc-9: fatal error: no input files
compilation terminated.
configure:3985: $? = 1
configure:3974: /Users/simone/mylibs/openmpi-4.1.0/build_gcc9/bin/mpicc -qversion >&5
gcc-9: error: unrecognized command line option '-qversion'; did you mean '--version'?
gcc-9: fatal error: no input files
compilation terminated.
configure:3985: $? = 1
configure:4005: checking whether the C compiler works
configure:4027: /Users/simone/mylibs/openmpi-4.1.0/build_gcc9/bin/mpicc    conftest.c  >&5
configure:4031: $? = 0
configure:4079: result: yes
configure:4082: checking for C compiler default output file name
configure:4084: result: a.out
configure:4090: checking for suffix of executables
configure:4097: /Users/simone/mylibs/openmpi-4.1.0/build_gcc9/bin/mpicc -o conftest    conftest.c  >&5
configure:4101: $? = 0
configure:4123: result: 
configure:4145: checking whether we are cross compiling
configure:4153: /Users/simone/mylibs/openmpi-4.1.0/build_gcc9/bin/mpicc -o conftest    conftest.c  >&5
configure:4157: $? = 0
configure:4164: ./conftest
configure:4168: $? = 0
configure:4183: result: no
configure:4188: checking for suffix of object files
configure:4210: /Users/simone/mylibs/openmpi-4.1.0/build_gcc9/bin/mpicc -c   conftest.c >&5
configure:4214: $? = 0
configure:4235: result: o
configure:4239: checking whether we are using the GNU C compiler
configure:4258: /Users/simone/mylibs/openmpi-4.1.0/build_gcc9/bin/mpicc -c   conftest.c >&5
configure:4258: $? = 0
configure:4267: result: yes
configure:4276: checking whether /Users/simone/mylibs/openmpi-4.1.0/build_gcc9/bin/mpicc accepts -g
configure:4296: /Users/simone/mylibs/openmpi-4.1.0/build_gcc9/bin/mpicc -c -g  conftest.c >&5
configure:4296: $? = 0
configure:4337: result: yes
configure:4354: checking for /Users/simone/mylibs/openmpi-4.1.0/build_gcc9/bin/mpicc option to accept ISO C89
configure:4417: /Users/simone/mylibs/openmpi-4.1.0/build_gcc9/bin/mpicc  -c -g -O2  conftest.c >&5
configure:4417: $? = 0
configure:4430: result: none needed
configure:4455: checking whether /Users/simone/mylibs/openmpi-4.1.0/build_gcc9/bin/mpicc understands -c and -o together
configure:4477: /Users/simone/mylibs/openmpi-4.1.0/build_gcc9/bin/mpicc -c conftest.c -o conftest2.o
configure:4480: $? = 0
configure:4477: /Users/simone/mylibs/openmpi-4.1.0/build_gcc9/bin/mpicc -c conftest.c -o conftest2.o
configure:4480: $? = 0
configure:4492: result: yes
configure:4511: checking dependency style of /Users/simone/mylibs/openmpi-4.1.0/build_gcc9/bin/mpicc
configure:4622: result: gcc3
configure:4644: checking whether /Users/simone/mylibs/openmpi-4.1.0/build_gcc9/bin/mpicc and cc understand -c and -o together
configure:4675: /Users/simone/mylibs/openmpi-4.1.0/build_gcc9/bin/mpicc -c conftest.c -o conftest2.o >&5
configure:4679: $? = 0
configure:4685: /Users/simone/mylibs/openmpi-4.1.0/build_gcc9/bin/mpicc -c conftest.c -o conftest2.o >&5
configure:4689: $? = 0
configure:4700: cc -c conftest.c >&5
configure:4704: $? = 0
configure:4712: cc -c conftest.c -o conftest2.o >&5
configure:4716: $? = 0
configure:4722: cc -c conftest.c -o conftest2.o >&5
configure:4726: $? = 0
configure:4744: result: yes
configure:4759: checking compile/link for MPI C program
configure:4778: /Users/simone/mylibs/openmpi-4.1.0/build_gcc9/bin/mpicc -o conftest -g -O2   conftest.c  >&5
configure:4778: $? = 0
configure:4779: result: successful
configure:4793: checking compile/link for MPI I/O C program
configure:4817: /Users/simone/mylibs/openmpi-4.1.0/build_gcc9/bin/mpicc -o conftest -g -O2   conftest.c  >&5
configure:4817: $? = 0
configure:4818: result: successful
configure:4832: checking compile/link for MPI_Init_thread C program
configure:4854: /Users/simone/mylibs/openmpi-4.1.0/build_gcc9/bin/mpicc -o conftest -g -O2   conftest.c  >&5
configure:4854: $? = 0
configure:4855: result: successful
configure:4869: checking compile/link for MPI_Win_allocate_shared C program
configure:4898: /Users/simone/mylibs/openmpi-4.1.0/build_gcc9/bin/mpicc -o conftest -g -O2   conftest.c  >&5
configure:4898: $? = 0
configure:4899: result: successful
configure:4917: checking compile/link for MPI_COMM_TYPE_SHARED C program
configure:4939: /Users/simone/mylibs/openmpi-4.1.0/build_gcc9/bin/mpicc -o conftest -g -O2   conftest.c  >&5
configure:4939: $? = 0
configure:4940: result: successful
configure:5009: checking for ar
configure:5025: found /opt/local/bin/ar
configure:5036: result: ar
configure:5062: checking the archiver (ar) interface
configure:5078: /Users/simone/mylibs/openmpi-4.1.0/build_gcc9/bin/mpicc -c -g -O2  conftest.c >&5
configure:5078: $? = 0
configure:5080: ar cru libconftest.a conftest.o >&5
configure:5083: $? = 0
configure:5111: result: ar
configure:5160: checking build system type
configure:5174: result: x86_64-apple-darwin20.6.0
configure:5194: checking host system type
configure:5207: result: x86_64-apple-darwin20.6.0
configure:5248: checking how to print strings
configure:5275: result: printf
configure:5296: checking for a sed that does not truncate output
configure:5360: result: /usr/bin/sed
configure:5378: checking for grep that handles long lines and -e
configure:5436: result: /usr/bin/grep
configure:5441: checking for egrep
configure:5503: result: /usr/bin/grep -E
configure:5508: checking for fgrep
configure:5570: result: /usr/bin/grep -F
configure:5605: checking for ld used by /Users/simone/mylibs/openmpi-4.1.0/build_gcc9/bin/mpicc
configure:5672: result: /opt/local/bin/ld
configure:5679: checking if the linker (/opt/local/bin/ld) is GNU ld
configure:5694: result: no
configure:5706: checking for BSD- or MS-compatible name lister (nm)
configure:5760: result: /opt/local/bin/nm -B
configure:5890: checking the name lister (/opt/local/bin/nm -B) interface
configure:5897: /Users/simone/mylibs/openmpi-4.1.0/build_gcc9/bin/mpicc -c -g -O2  conftest.c >&5
configure:5900: /opt/local/bin/nm -B "conftest.o"
configure:5903: output
00000000000001a0 S _some_variable
configure:5910: result: BSD nm
configure:5913: checking whether ln -s works
configure:5917: result: yes
configure:5925: checking the maximum length of command line arguments
configure:6056: result: 786432
configure:6104: checking how to convert x86_64-apple-darwin20.6.0 file names to x86_64-apple-darwin20.6.0 format
configure:6144: result: func_convert_file_noop
configure:6151: checking how to convert x86_64-apple-darwin20.6.0 file names to toolchain format
configure:6171: result: func_convert_file_noop
configure:6178: checking for /opt/local/bin/ld option to reload object files
configure:6185: result: -r
configure:6259: checking for objdump
configure:6275: found /opt/local/bin/objdump
configure:6286: result: objdump
configure:6318: checking how to recognize dependent libraries
configure:6518: result: pass_all
configure:6603: checking for dlltool
configure:6633: result: no
configure:6663: checking how to associate runtime and link libraries
configure:6690: result: printf %s\n
configure:6814: checking for archiver @FILE support
configure:6831: /Users/simone/mylibs/openmpi-4.1.0/build_gcc9/bin/mpicc -c -g -O2  conftest.c >&5
configure:6831: $? = 0
configure:6834: ar cru libconftest.a @conftest.lst >&5
ar: @conftest.lst: No such file or directory
configure:6837: $? = 1
configure:6857: result: no
configure:6915: checking for strip
configure:6931: found /opt/local/bin/strip
configure:6942: result: strip
configure:7014: checking for ranlib
configure:7030: found /opt/local/bin/ranlib
configure:7041: result: ranlib
configure:7143: checking command to parse /opt/local/bin/nm -B output from /Users/simone/mylibs/openmpi-4.1.0/build_gcc9/bin/mpicc object
configure:7296: /Users/simone/mylibs/openmpi-4.1.0/build_gcc9/bin/mpicc -c -g -O2  conftest.c >&5
configure:7299: $? = 0
configure:7303: /opt/local/bin/nm -B conftest.o \| sed -n -e 's/^.*[ ]\([BCDEGRST][BCDEGRST]*\)[ ][ ]*\([_A-Za-z][_A-Za-z0-9]*\)$/\1 \2 \2/p' | sed '/ __gnu_lto/d' \> conftest.nm
configure:7306: $? = 0
cannot find nm_test_var in conftest.nm
configure:7296: /Users/simone/mylibs/openmpi-4.1.0/build_gcc9/bin/mpicc -c -g -O2  conftest.c >&5
configure:7299: $? = 0
configure:7303: /opt/local/bin/nm -B conftest.o \| sed -n -e 's/^.*[ ]\([BCDEGRST][BCDEGRST]*\)[ ][ ]*_\([_A-Za-z][_A-Za-z0-9]*\)$/\1 _\2 \2/p' | sed '/ __gnu_lto/d' \> conftest.nm
configure:7306: $? = 0
configure:7372: /Users/simone/mylibs/openmpi-4.1.0/build_gcc9/bin/mpicc -o conftest -g -O2   conftest.c conftstm.o >&5
warning: (x86_64)  could not find object file symbol for symbol _main
configure:7375: $? = 0
configure:7413: result: ok
configure:7460: checking for sysroot
configure:7490: result: no
configure:7497: checking for a working dd
configure:7535: result: /bin/dd
configure:7539: checking how to truncate binary pipes
configure:7554: result: /bin/dd bs=4096 count=1
configure:7883: checking for mt
configure:7913: result: no
configure:7933: checking if : is a manifest tool
configure:7939: : '-?'
configure:7947: result: no
configure:8003: checking for dsymutil
configure:8019: found /usr/bin/dsymutil
configure:8030: result: dsymutil
configure:8095: checking for nmedit
configure:8111: found /usr/bin/nmedit
configure:8122: result: nmedit
configure:8187: checking for lipo
configure:8203: found /opt/local/bin/lipo
configure:8214: result: lipo
configure:8279: checking for otool
configure:8295: found /opt/local/bin/otool
configure:8306: result: otool
configure:8371: checking for otool64
configure:8401: result: no
configure:8446: checking for -single_module linker flag
/Users/simone/mylibs/openmpi-4.1.0/build_gcc9/bin/mpicc -g -O2  -o libconftest.dylib -dynamiclib -Wl,-single_module conftest.c
configure:8479: result: yes
configure:8482: checking for -exported_symbols_list linker flag
configure:8502: /Users/simone/mylibs/openmpi-4.1.0/build_gcc9/bin/mpicc -o conftest -g -O2   -Wl,-exported_symbols_list,conftest.sym conftest.c  >&5
configure:8502: $? = 0
configure:8512: result: yes
configure:8515: checking for -force_load linker flag
/Users/simone/mylibs/openmpi-4.1.0/build_gcc9/bin/mpicc -g -O2 -c -o conftest.o conftest.c
ar cru libconftest.a conftest.o
ranlib libconftest.a
/Users/simone/mylibs/openmpi-4.1.0/build_gcc9/bin/mpicc -g -O2  -o conftest conftest.c -Wl,-force_load,./libconftest.a
configure:8547: result: yes
configure:8624: checking how to run the C preprocessor
configure:8655: /Users/simone/mylibs/openmpi-4.1.0/build_gcc9/bin/mpicc -E  conftest.c
configure:8655: $? = 0
configure:8669: /Users/simone/mylibs/openmpi-4.1.0/build_gcc9/bin/mpicc -E  conftest.c
conftest.c:25:10: fatal error: ac_nonexistent.h: No such file or directory
   25 | #include <ac_nonexistent.h>
      |          ^~~~~~~~~~~~~~~~~~
compilation terminated.
configure:8669: $? = 1
configure: failed program was:
| /* confdefs.h */
| #define PACKAGE_NAME "libsc"
| #define PACKAGE_TARNAME "libsc"
| #define PACKAGE_VERSION "2.8.1.44-954f"
| #define PACKAGE_STRING "libsc 2.8.1.44-954f"
| #define PACKAGE_BUGREPORT "info@p4est.org"
| #define PACKAGE_URL ""
| #define PACKAGE "libsc"
| #define VERSION "2.8.1.44-954f"
| #define VERSION_MAJOR 2
| #define VERSION_MINOR 8
| #define VERSION_POINT 1.44-954f
| #define USE_REALLOC 1
| #define ENABLE_USE_REALLOC 1
| #define USE_COUNTERS 1
| #define ENABLE_USE_COUNTERS 1
| #define MPI 1
| #define ENABLE_MPI 1
| #define MPIIO 1
| #define ENABLE_MPIIO 1
| #define ENABLE_MPITHREAD 1
| #define ENABLE_MPIWINSHARED 1
| #define ENABLE_MPICOMMSHARED 1
| /* end confdefs.h.  */
| #include <ac_nonexistent.h>
configure:8694: result: /Users/simone/mylibs/openmpi-4.1.0/build_gcc9/bin/mpicc -E
configure:8714: /Users/simone/mylibs/openmpi-4.1.0/build_gcc9/bin/mpicc -E  conftest.c
configure:8714: $? = 0
configure:8728: /Users/simone/mylibs/openmpi-4.1.0/build_gcc9/bin/mpicc -E  conftest.c
conftest.c:25:10: fatal error: ac_nonexistent.h: No such file or directory
   25 | #include <ac_nonexistent.h>
      |          ^~~~~~~~~~~~~~~~~~
compilation terminated.
configure:8728: $? = 1
configure: failed program was:
| /* confdefs.h */
| #define PACKAGE_NAME "libsc"
| #define PACKAGE_TARNAME "libsc"
| #define PACKAGE_VERSION "2.8.1.44-954f"
| #define PACKAGE_STRING "libsc 2.8.1.44-954f"
| #define PACKAGE_BUGREPORT "info@p4est.org"
| #define PACKAGE_URL ""
| #define PACKAGE "libsc"
| #define VERSION "2.8.1.44-954f"
| #define VERSION_MAJOR 2
| #define VERSION_MINOR 8
| #define VERSION_POINT 1.44-954f
| #define USE_REALLOC 1
| #define ENABLE_USE_REALLOC 1
| #define USE_COUNTERS 1
| #define ENABLE_USE_COUNTERS 1
| #define MPI 1
| #define ENABLE_MPI 1
| #define MPIIO 1
| #define ENABLE_MPIIO 1
| #define ENABLE_MPITHREAD 1
| #define ENABLE_MPIWINSHARED 1
| #define ENABLE_MPICOMMSHARED 1
| /* end confdefs.h.  */
| #include <ac_nonexistent.h>
configure:8757: checking for ANSI C header files
configure:8777: /Users/simone/mylibs/openmpi-4.1.0/build_gcc9/bin/mpicc -c -g -O2  conftest.c >&5
configure:8777: $? = 0
configure:8850: /Users/simone/mylibs/openmpi-4.1.0/build_gcc9/bin/mpicc -o conftest -g -O2   conftest.c  >&5
configure:8850: $? = 0
configure:8850: ./conftest
configure:8850: $? = 0
configure:8861: result: yes
configure:8874: checking for sys/types.h
configure:8874: /Users/simone/mylibs/openmpi-4.1.0/build_gcc9/bin/mpicc -c -g -O2  conftest.c >&5
configure:8874: $? = 0
configure:8874: result: yes
configure:8874: checking for sys/stat.h
configure:8874: /Users/simone/mylibs/openmpi-4.1.0/build_gcc9/bin/mpicc -c -g -O2  conftest.c >&5
configure:8874: $? = 0
configure:8874: result: yes
configure:8874: checking for stdlib.h
configure:8874: /Users/simone/mylibs/openmpi-4.1.0/build_gcc9/bin/mpicc -c -g -O2  conftest.c >&5
configure:8874: $? = 0
configure:8874: result: yes
configure:8874: checking for string.h
configure:8874: /Users/simone/mylibs/openmpi-4.1.0/build_gcc9/bin/mpicc -c -g -O2  conftest.c >&5
configure:8874: $? = 0
configure:8874: result: yes
configure:8874: checking for memory.h
configure:8874: /Users/simone/mylibs/openmpi-4.1.0/build_gcc9/bin/mpicc -c -g -O2  conftest.c >&5
configure:8874: $? = 0
configure:8874: result: yes
configure:8874: checking for strings.h
configure:8874: /Users/simone/mylibs/openmpi-4.1.0/build_gcc9/bin/mpicc -c -g -O2  conftest.c >&5
configure:8874: $? = 0
configure:8874: result: yes
configure:8874: checking for inttypes.h
configure:8874: /Users/simone/mylibs/openmpi-4.1.0/build_gcc9/bin/mpicc -c -g -O2  conftest.c >&5
configure:8874: $? = 0
configure:8874: result: yes
configure:8874: checking for stdint.h
configure:8874: /Users/simone/mylibs/openmpi-4.1.0/build_gcc9/bin/mpicc -c -g -O2  conftest.c >&5
configure:8874: $? = 0
configure:8874: result: yes
configure:8874: checking for unistd.h
configure:8874: /Users/simone/mylibs/openmpi-4.1.0/build_gcc9/bin/mpicc -c -g -O2  conftest.c >&5
configure:8874: $? = 0
configure:8874: result: yes
configure:8888: checking for dlfcn.h
configure:8888: /Users/simone/mylibs/openmpi-4.1.0/build_gcc9/bin/mpicc -c -g -O2  conftest.c >&5
configure:8888: $? = 0
configure:8888: result: yes
configure:9144: checking for objdir
configure:9159: result: .libs
configure:9419: checking if /Users/simone/mylibs/openmpi-4.1.0/build_gcc9/bin/mpicc supports -fno-rtti -fno-exceptions
configure:9437: /Users/simone/mylibs/openmpi-4.1.0/build_gcc9/bin/mpicc -c -g -O2  -fno-rtti -fno-exceptions conftest.c >&5
cc1: warning: command line option '-fno-rtti' is valid for C++/D/ObjC++ but not for C
configure:9441: $? = 0
configure:9454: result: no
configure:9812: checking for /Users/simone/mylibs/openmpi-4.1.0/build_gcc9/bin/mpicc option to produce PIC
configure:9819: result: -fno-common -DPIC
configure:9827: checking if /Users/simone/mylibs/openmpi-4.1.0/build_gcc9/bin/mpicc PIC flag -fno-common -DPIC works
configure:9845: /Users/simone/mylibs/openmpi-4.1.0/build_gcc9/bin/mpicc -c -g -O2  -fno-common -DPIC -DPIC conftest.c >&5
configure:9849: $? = 0
configure:9862: result: yes
configure:9891: checking if /Users/simone/mylibs/openmpi-4.1.0/build_gcc9/bin/mpicc static flag -static works
configure:9919: result: no
configure:9934: checking if /Users/simone/mylibs/openmpi-4.1.0/build_gcc9/bin/mpicc supports -c -o file.o
configure:9955: /Users/simone/mylibs/openmpi-4.1.0/build_gcc9/bin/mpicc -c -g -O2  -o out/conftest2.o conftest.c >&5
configure:9959: $? = 0
configure:9981: result: yes
configure:9989: checking if /Users/simone/mylibs/openmpi-4.1.0/build_gcc9/bin/mpicc supports -c -o file.o
configure:10036: result: yes
configure:10069: checking whether the /Users/simone/mylibs/openmpi-4.1.0/build_gcc9/bin/mpicc linker (/opt/local/bin/ld) supports shared libraries
configure:11328: result: yes
configure:11568: checking dynamic linker characteristics
configure:12386: result: darwin20.6.0 dyld
configure:12508: checking how to hardcode library paths into programs
configure:12533: result: immediate
configure:13081: checking whether stripping libraries is possible
configure:13095: result: yes
configure:13121: checking if libtool supports shared libraries
configure:13123: result: yes
configure:13126: checking whether to build shared libraries
configure:13151: result: no
configure:13154: checking whether to build static libraries
configure:13158: result: yes
configure:13200: checking whether byte ordering is bigendian
configure:13215: /Users/simone/mylibs/openmpi-4.1.0/build_gcc9/bin/mpicc -c -g -O2  conftest.c >&5
configure:13215: $? = 0
configure:13260: /Users/simone/mylibs/openmpi-4.1.0/build_gcc9/bin/mpicc -c -g -O2  conftest.c >&5
configure:13260: $? = 0
configure:13278: /Users/simone/mylibs/openmpi-4.1.0/build_gcc9/bin/mpicc -c -g -O2  conftest.c >&5
conftest.c: In function 'main':
conftest.c:44:4: error: unknown type name 'not'; did you mean 'ino_t'?
   44 |    not big endian
      |    ^~~
      |    ino_t
conftest.c:44:12: error: expected '=', ',', ';', 'asm' or '__attribute__' before 'endian'
   44 |    not big endian
      |            ^~~~~~
configure:13278: $? = 1
configure: failed program was:
| /* confdefs.h */
| #define PACKAGE_NAME "libsc"
| #define PACKAGE_TARNAME "libsc"
| #define PACKAGE_VERSION "2.8.1.44-954f"
| #define PACKAGE_STRING "libsc 2.8.1.44-954f"
| #define PACKAGE_BUGREPORT "info@p4est.org"
| #define PACKAGE_URL ""
| #define PACKAGE "libsc"
| #define VERSION "2.8.1.44-954f"
| #define VERSION_MAJOR 2
| #define VERSION_MINOR 8
| #define VERSION_POINT 1.44-954f
| #define USE_REALLOC 1
| #define ENABLE_USE_REALLOC 1
| #define USE_COUNTERS 1
| #define ENABLE_USE_COUNTERS 1
| #define MPI 1
| #define ENABLE_MPI 1
| #define MPIIO 1
| #define ENABLE_MPIIO 1
| #define ENABLE_MPITHREAD 1
| #define ENABLE_MPIWINSHARED 1
| #define ENABLE_MPICOMMSHARED 1
| #define STDC_HEADERS 1
| #define HAVE_SYS_TYPES_H 1
| #define HAVE_SYS_STAT_H 1
| #define HAVE_STDLIB_H 1
| #define HAVE_STRING_H 1
| #define HAVE_MEMORY_H 1
| #define HAVE_STRINGS_H 1
| #define HAVE_INTTYPES_H 1
| #define HAVE_STDINT_H 1
| #define HAVE_UNISTD_H 1
| #define HAVE_DLFCN_H 1
| #define LT_OBJDIR ".libs/"
| /* end confdefs.h.  */
| #include <sys/types.h>
| 		#include <sys/param.h>
| 
| int
| main ()
| {
| #if BYTE_ORDER != BIG_ENDIAN
| 		 not big endian
| 		#endif
| 
|   ;
|   return 0;
| }
configure:13406: result: no
configure:13425: checking for an ANSI C-conforming const
configure:13491: /Users/simone/mylibs/openmpi-4.1.0/build_gcc9/bin/mpicc -c -g -O2  conftest.c >&5
configure:13491: $? = 0
configure:13498: result: yes
configure:13506: checking for inline
configure:13522: /Users/simone/mylibs/openmpi-4.1.0/build_gcc9/bin/mpicc -c -g -O2  conftest.c >&5
configure:13522: $? = 0
configure:13530: result: inline
configure:13548: checking for C/C++ restrict keyword
configure:13573: /Users/simone/mylibs/openmpi-4.1.0/build_gcc9/bin/mpicc -c -g -O2  conftest.c >&5
configure:13573: $? = 0
configure:13581: result: __restrict
configure:13598: checking size of int
configure:13603: /Users/simone/mylibs/openmpi-4.1.0/build_gcc9/bin/mpicc -o conftest -g -O2   conftest.c  >&5
configure:13603: $? = 0
configure:13603: ./conftest
configure:13603: $? = 0
configure:13617: result: 4
configure:13631: checking size of long
configure:13636: /Users/simone/mylibs/openmpi-4.1.0/build_gcc9/bin/mpicc -o conftest -g -O2   conftest.c  >&5
configure:13636: $? = 0
configure:13636: ./conftest
configure:13636: $? = 0
configure:13650: result: 8
configure:13664: checking size of long long
configure:13669: /Users/simone/mylibs/openmpi-4.1.0/build_gcc9/bin/mpicc -o conftest -g -O2   conftest.c  >&5
configure:13669: $? = 0
configure:13669: ./conftest
configure:13669: $? = 0
configure:13683: result: 8
configure:13697: checking size of unsigned long
configure:13702: /Users/simone/mylibs/openmpi-4.1.0/build_gcc9/bin/mpicc -o conftest -g -O2   conftest.c  >&5
configure:13702: $? = 0
configure:13702: ./conftest
configure:13702: $? = 0
configure:13716: result: 8
configure:13730: checking size of unsigned long long
configure:13735: /Users/simone/mylibs/openmpi-4.1.0/build_gcc9/bin/mpicc -o conftest -g -O2   conftest.c  >&5
configure:13735: $? = 0
configure:13735: ./conftest
configure:13735: $? = 0
configure:13749: result: 8
configure:13763: checking size of void *
configure:13768: /Users/simone/mylibs/openmpi-4.1.0/build_gcc9/bin/mpicc -o conftest -g -O2   conftest.c  >&5
configure:13768: $? = 0
configure:13768: ./conftest
configure:13768: $? = 0
configure:13782: result: 8
configure:13792: checking for size_t
configure:13792: /Users/simone/mylibs/openmpi-4.1.0/build_gcc9/bin/mpicc -c -g -O2  conftest.c >&5
configure:13792: $? = 0
configure:13792: /Users/simone/mylibs/openmpi-4.1.0/build_gcc9/bin/mpicc -c -g -O2  conftest.c >&5
conftest.c: In function 'main':
conftest.c:80:21: error: expected expression before ')' token
   80 | if (sizeof ((size_t)))
      |                     ^
configure:13792: $? = 1
configure: failed program was:
| /* confdefs.h */
| #define PACKAGE_NAME "libsc"
| #define PACKAGE_TARNAME "libsc"
| #define PACKAGE_VERSION "2.8.1.44-954f"
| #define PACKAGE_STRING "libsc 2.8.1.44-954f"
| #define PACKAGE_BUGREPORT "info@p4est.org"
| #define PACKAGE_URL ""
| #define PACKAGE "libsc"
| #define VERSION "2.8.1.44-954f"
| #define VERSION_MAJOR 2
| #define VERSION_MINOR 8
| #define VERSION_POINT 1.44-954f
| #define USE_REALLOC 1
| #define ENABLE_USE_REALLOC 1
| #define USE_COUNTERS 1
| #define ENABLE_USE_COUNTERS 1
| #define MPI 1
| #define ENABLE_MPI 1
| #define MPIIO 1
| #define ENABLE_MPIIO 1
| #define ENABLE_MPITHREAD 1
| #define ENABLE_MPIWINSHARED 1
| #define ENABLE_MPICOMMSHARED 1
| #define STDC_HEADERS 1
| #define HAVE_SYS_TYPES_H 1
| #define HAVE_SYS_STAT_H 1
| #define HAVE_STDLIB_H 1
| #define HAVE_STRING_H 1
| #define HAVE_MEMORY_H 1
| #define HAVE_STRINGS_H 1
| #define HAVE_INTTYPES_H 1
| #define HAVE_STDINT_H 1
| #define HAVE_UNISTD_H 1
| #define HAVE_DLFCN_H 1
| #define LT_OBJDIR ".libs/"
| #define restrict __restrict
| #define SIZEOF_INT 4
| #define SIZEOF_LONG 8
| #define SIZEOF_LONG_LONG 8
| #define SIZEOF_UNSIGNED_LONG 8
| #define SIZEOF_UNSIGNED_LONG_LONG 8
| #define SIZEOF_VOID_P 8
| /* end confdefs.h.  */
| #include <stdio.h>
| #ifdef HAVE_SYS_TYPES_H
| # include <sys/types.h>
| #endif
| #ifdef HAVE_SYS_STAT_H
| # include <sys/stat.h>
| #endif
| #ifdef STDC_HEADERS
| # include <stdlib.h>
| # include <stddef.h>
| #else
| # ifdef HAVE_STDLIB_H
| #  include <stdlib.h>
| # endif
| #endif
| #ifdef HAVE_STRING_H
| # if !defined STDC_HEADERS && defined HAVE_MEMORY_H
| #  include <memory.h>
| # endif
| # include <string.h>
| #endif
| #ifdef HAVE_STRINGS_H
| # include <strings.h>
| #endif
| #ifdef HAVE_INTTYPES_H
| # include <inttypes.h>
| #endif
| #ifdef HAVE_STDINT_H
| # include <stdint.h>
| #endif
| #ifdef HAVE_UNISTD_H
| # include <unistd.h>
| #endif
| int
| main ()
| {
| if (sizeof ((size_t)))
| 	    return 0;
|   ;
|   return 0;
| }
configure:13792: result: yes
configure:13803: checking for ssize_t
configure:13803: /Users/simone/mylibs/openmpi-4.1.0/build_gcc9/bin/mpicc -c -g -O2  conftest.c >&5
configure:13803: $? = 0
configure:13803: /Users/simone/mylibs/openmpi-4.1.0/build_gcc9/bin/mpicc -c -g -O2  conftest.c >&5
conftest.c: In function 'main':
conftest.c:80:22: error: expected expression before ')' token
   80 | if (sizeof ((ssize_t)))
      |                      ^
configure:13803: $? = 1
configure: failed program was:
| /* confdefs.h */
| #define PACKAGE_NAME "libsc"
| #define PACKAGE_TARNAME "libsc"
| #define PACKAGE_VERSION "2.8.1.44-954f"
| #define PACKAGE_STRING "libsc 2.8.1.44-954f"
| #define PACKAGE_BUGREPORT "info@p4est.org"
| #define PACKAGE_URL ""
| #define PACKAGE "libsc"
| #define VERSION "2.8.1.44-954f"
| #define VERSION_MAJOR 2
| #define VERSION_MINOR 8
| #define VERSION_POINT 1.44-954f
| #define USE_REALLOC 1
| #define ENABLE_USE_REALLOC 1
| #define USE_COUNTERS 1
| #define ENABLE_USE_COUNTERS 1
| #define MPI 1
| #define ENABLE_MPI 1
| #define MPIIO 1
| #define ENABLE_MPIIO 1
| #define ENABLE_MPITHREAD 1
| #define ENABLE_MPIWINSHARED 1
| #define ENABLE_MPICOMMSHARED 1
| #define STDC_HEADERS 1
| #define HAVE_SYS_TYPES_H 1
| #define HAVE_SYS_STAT_H 1
| #define HAVE_STDLIB_H 1
| #define HAVE_STRING_H 1
| #define HAVE_MEMORY_H 1
| #define HAVE_STRINGS_H 1
| #define HAVE_INTTYPES_H 1
| #define HAVE_STDINT_H 1
| #define HAVE_UNISTD_H 1
| #define HAVE_DLFCN_H 1
| #define LT_OBJDIR ".libs/"
| #define restrict __restrict
| #define SIZEOF_INT 4
| #define SIZEOF_LONG 8
| #define SIZEOF_LONG_LONG 8
| #define SIZEOF_UNSIGNED_LONG 8
| #define SIZEOF_UNSIGNED_LONG_LONG 8
| #define SIZEOF_VOID_P 8
| /* end confdefs.h.  */
| #include <stdio.h>
| #ifdef HAVE_SYS_TYPES_H
| # include <sys/types.h>
| #endif
| #ifdef HAVE_SYS_STAT_H
| # include <sys/stat.h>
| #endif
| #ifdef STDC_HEADERS
| # include <stdlib.h>
| # include <stddef.h>
| #else
| # ifdef HAVE_STDLIB_H
| #  include <stdlib.h>
| # endif
| #endif
| #ifdef HAVE_STRING_H
| # if !defined STDC_HEADERS && defined HAVE_MEMORY_H
| #  include <memory.h>
| # endif
| # include <string.h>
| #endif
| #ifdef HAVE_STRINGS_H
| # include <strings.h>
| #endif
| #ifdef HAVE_INTTYPES_H
| # include <inttypes.h>
| #endif
| #ifdef HAVE_STDINT_H
| # include <stdint.h>
| #endif
| #ifdef HAVE_UNISTD_H
| # include <unistd.h>
| #endif
| int
| main ()
| {
| if (sizeof ((ssize_t)))
| 	    return 0;
|   ;
|   return 0;
| }
configure:13803: result: yes
configure:13822: checking execinfo.h usability
configure:13822: /Users/simone/mylibs/openmpi-4.1.0/build_gcc9/bin/mpicc -c -g -O2  conftest.c >&5
configure:13822: $? = 0
configure:13822: result: yes
configure:13822: checking execinfo.h presence
configure:13822: /Users/simone/mylibs/openmpi-4.1.0/build_gcc9/bin/mpicc -E  conftest.c
configure:13822: $? = 0
configure:13822: result: yes
configure:13822: checking for execinfo.h
configure:13822: result: yes
configure:13822: checking signal.h usability
configure:13822: /Users/simone/mylibs/openmpi-4.1.0/build_gcc9/bin/mpicc -c -g -O2  conftest.c >&5
configure:13822: $? = 0
configure:13822: result: yes
configure:13822: checking signal.h presence
configure:13822: /Users/simone/mylibs/openmpi-4.1.0/build_gcc9/bin/mpicc -E  conftest.c
configure:13822: $? = 0
configure:13822: result: yes
configure:13822: checking for signal.h
configure:13822: result: yes
configure:13822: checking sys/time.h usability
configure:13822: /Users/simone/mylibs/openmpi-4.1.0/build_gcc9/bin/mpicc -c -g -O2  conftest.c >&5
configure:13822: $? = 0
configure:13822: result: yes
configure:13822: checking sys/time.h presence
configure:13822: /Users/simone/mylibs/openmpi-4.1.0/build_gcc9/bin/mpicc -E  conftest.c
configure:13822: $? = 0
configure:13822: result: yes
configure:13822: checking for sys/time.h
configure:13822: result: yes
configure:13822: checking for sys/types.h
configure:13822: result: yes
configure:13822: checking time.h usability
configure:13822: /Users/simone/mylibs/openmpi-4.1.0/build_gcc9/bin/mpicc -c -g -O2  conftest.c >&5
configure:13822: $? = 0
configure:13822: result: yes
configure:13822: checking time.h presence
configure:13822: /Users/simone/mylibs/openmpi-4.1.0/build_gcc9/bin/mpicc -E  conftest.c
configure:13822: $? = 0
configure:13822: result: yes
configure:13822: checking for time.h
configure:13822: result: yes
configure:13840: checking for backtrace
configure:13840: /Users/simone/mylibs/openmpi-4.1.0/build_gcc9/bin/mpicc -o conftest -g -O2   conftest.c  >&5
configure:13840: $? = 0
configure:13840: result: yes
configure:13840: checking for backtrace_symbols
configure:13840: /Users/simone/mylibs/openmpi-4.1.0/build_gcc9/bin/mpicc -o conftest -g -O2   conftest.c  >&5
configure:13840: $? = 0
configure:13840: result: yes
configure:13852: checking for strtol
configure:13852: /Users/simone/mylibs/openmpi-4.1.0/build_gcc9/bin/mpicc -o conftest -g -O2   conftest.c  >&5
configure:13852: $? = 0
configure:13852: result: yes
configure:13852: checking for strtoll
configure:13852: /Users/simone/mylibs/openmpi-4.1.0/build_gcc9/bin/mpicc -o conftest -g -O2   conftest.c  >&5
configure:13852: $? = 0
configure:13852: result: yes
configure:13863: checking for fsync
configure:13863: /Users/simone/mylibs/openmpi-4.1.0/build_gcc9/bin/mpicc -o conftest -g -O2   conftest.c  >&5
configure:13863: $? = 0
configure:13863: result: yes
configure:13874: checking for qsort_r
configure:13874: /Users/simone/mylibs/openmpi-4.1.0/build_gcc9/bin/mpicc -o conftest -g -O2   conftest.c  >&5
configure:13874: $? = 0
configure:13874: result: yes
configure:13889: checking for library containing fabs
configure:13920: /Users/simone/mylibs/openmpi-4.1.0/build_gcc9/bin/mpicc -o conftest -g -O2   conftest.c  >&5
conftest.c:62:6: warning: conflicting types for built-in function 'fabs'; expected 'double(double)' [-Wbuiltin-declaration-mismatch]
   62 | char fabs ();
      |      ^~~~
conftest.c:1:1: note: 'fabs' is declared in header '<math.h>'
    1 | /* confdefs.h */
configure:13920: $? = 0
configure:13937: result: none required
configure:13948: checking for library containing adler32_combine
configure:13979: /Users/simone/mylibs/openmpi-4.1.0/build_gcc9/bin/mpicc -o conftest -g -O2   conftest.c  >&5
Undefined symbols for architecture x86_64:
  "_adler32_combine", referenced from:
      _main in cc1EUxvd.o
ld: symbol(s) not found for architecture x86_64
collect2: error: ld returned 1 exit status
configure:13979: $? = 1
configure: failed program was:
| /* confdefs.h */
| #define PACKAGE_NAME "libsc"
| #define PACKAGE_TARNAME "libsc"
| #define PACKAGE_VERSION "2.8.1.44-954f"
| #define PACKAGE_STRING "libsc 2.8.1.44-954f"
| #define PACKAGE_BUGREPORT "info@p4est.org"
| #define PACKAGE_URL ""
| #define PACKAGE "libsc"
| #define VERSION "2.8.1.44-954f"
| #define VERSION_MAJOR 2
| #define VERSION_MINOR 8
| #define VERSION_POINT 1.44-954f
| #define USE_REALLOC 1
| #define ENABLE_USE_REALLOC 1
| #define USE_COUNTERS 1
| #define ENABLE_USE_COUNTERS 1
| #define MPI 1
| #define ENABLE_MPI 1
| #define MPIIO 1
| #define ENABLE_MPIIO 1
| #define ENABLE_MPITHREAD 1
| #define ENABLE_MPIWINSHARED 1
| #define ENABLE_MPICOMMSHARED 1
| #define STDC_HEADERS 1
| #define HAVE_SYS_TYPES_H 1
| #define HAVE_SYS_STAT_H 1
| #define HAVE_STDLIB_H 1
| #define HAVE_STRING_H 1
| #define HAVE_MEMORY_H 1
| #define HAVE_STRINGS_H 1
| #define HAVE_INTTYPES_H 1
| #define HAVE_STDINT_H 1
| #define HAVE_UNISTD_H 1
| #define HAVE_DLFCN_H 1
| #define LT_OBJDIR ".libs/"
| #define restrict __restrict
| #define SIZEOF_INT 4
| #define SIZEOF_LONG 8
| #define SIZEOF_LONG_LONG 8
| #define SIZEOF_UNSIGNED_LONG 8
| #define SIZEOF_UNSIGNED_LONG_LONG 8
| #define SIZEOF_VOID_P 8
| #define HAVE_EXECINFO_H 1
| #define HAVE_SIGNAL_H 1
| #define HAVE_SYS_TIME_H 1
| #define HAVE_SYS_TYPES_H 1
| #define HAVE_TIME_H 1
| #define HAVE_BACKTRACE 1
| #define HAVE_BACKTRACE_SYMBOLS 1
| #define HAVE_STRTOL 1
| #define HAVE_STRTOLL 1
| #define HAVE_FSYNC 1
| #define HAVE_QSORT_R 1
| /* end confdefs.h.  */
| 
| /* Override any GCC internal prototype to avoid an error.
|    Use char because int might match the return type of a GCC
|    builtin and then its argument prototype would still apply.  */
| #ifdef __cplusplus
| extern "C"
| #endif
| char adler32_combine ();
| int
| main ()
| {
| return adler32_combine ();
|   ;
|   return 0;
| }
configure:13979: /Users/simone/mylibs/openmpi-4.1.0/build_gcc9/bin/mpicc -o conftest -g -O2   conftest.c -lz   >&5
configure:13979: $? = 0
configure:13996: result: -lz
configure:14023: checking for getopt
configure:14040: /Users/simone/mylibs/openmpi-4.1.0/build_gcc9/bin/mpicc -o conftest -g -O2   conftest.c -lz  >&5
configure:14040: $? = 0
configure:14041: result: successful
configure:14069: checking for POSIX threads
configure:14203: result: not used
configure:14209: checking for OpenMP
configure:14340: result: not used
configure:14350: checking size of void *
configure:14369: result: 8
configure:14383: checking for aligned_alloc
configure:14383: /Users/simone/mylibs/openmpi-4.1.0/build_gcc9/bin/mpicc -o conftest -g -O2   conftest.c -lz  >&5
conftest.c:80:6: warning: conflicting types for built-in function 'aligned_alloc'; expected 'void *(long unsigned int,  long unsigned int)' [-Wbuiltin-declaration-mismatch]
   80 | char aligned_alloc ();
      |      ^~~~~~~~~~~~~
conftest.c:68:1: note: 'aligned_alloc' is declared in header '<stdlib.h>'
   67 | # include <limits.h>
   68 | #else
configure:14383: $? = 0
configure:14383: result: yes
configure:14383: checking for posix_memalign
configure:14383: /Users/simone/mylibs/openmpi-4.1.0/build_gcc9/bin/mpicc -o conftest -g -O2   conftest.c -lz  >&5
conftest.c:81:6: warning: conflicting types for built-in function 'posix_memalign'; expected 'int(void **, long unsigned int,  long unsigned int)' [-Wbuiltin-declaration-mismatch]
   81 | char posix_memalign ();
      |      ^~~~~~~~~~~~~~
configure:14383: $? = 0
configure:14383: result: yes
configure:14393: checking for memory alignment option
configure:14439: result: SC_SIZEOF_VOID_P
configure:14457: /Users/simone/mylibs/openmpi-4.1.0/build_gcc9/bin/mpicc -o conftest -g -O2   conftest.c -lz  >&5
configure:14457: $? = 0
configure:14485: /Users/simone/mylibs/openmpi-4.1.0/build_gcc9/bin/mpicc -o conftest -g -O2   conftest.c -lz  >&5
configure:14485: $? = 0
configure:14664: checking that generated files are newer than configure
configure:14670: result: done
configure:14746: creating ./config.status

## ---------------------- ##
## Running config.status. ##
## ---------------------- ##

This file was extended by libsc config.status 2.8.1.44-954f, which was
generated by GNU Autoconf 2.69.  Invocation command line was

  CONFIG_FILES    = 
  CONFIG_HEADERS  = 
  CONFIG_LINKS    = 
  CONFIG_COMMANDS = 
  $ ./config.status 

on Simones-iMac-Pro.local

config.status:1158: creating Makefile
config.status:1158: creating Makefile.sc.pre
config.status:1158: creating Doxyfile
config.status:1158: creating src/pre_config.h
config.status:1339: src/pre_config.h is unchanged
config.status:1387: executing src/sc_config.h commands
config.status:1425: creating src/sc_config.h - prefix SC for src/pre_config.h defines
config.status:1447: src/sc_config.h is unchanged
config.status:1387: executing depfiles commands
config.status:1553: cd .       && sed -e '/# am--include-marker/d' Makefile         | make -f - am--depfiles
make: Nothing to be done for `am--depfiles'.
config.status:1558: $? = 0
config.status:1387: executing libtool commands

## ---------------- ##
## Cache variables. ##
## ---------------- ##

ac_cv_build=x86_64-apple-darwin20.6.0
ac_cv_c_bigendian=no
ac_cv_c_compiler_gnu=yes
ac_cv_c_const=yes
ac_cv_c_inline=inline
ac_cv_c_restrict=__restrict
ac_cv_env_CC_set=set
ac_cv_env_CC_value=/Users/simone/mylibs/openmpi-4.1.0/build_gcc9/bin/mpicc
ac_cv_env_CFLAGS_set=
ac_cv_env_CFLAGS_value=
ac_cv_env_CPPFLAGS_set=
ac_cv_env_CPPFLAGS_value=
ac_cv_env_CPP_set=
ac_cv_env_CPP_value=
ac_cv_env_LDFLAGS_set=
ac_cv_env_LDFLAGS_value=
ac_cv_env_LIBS_set=
ac_cv_env_LIBS_value=
ac_cv_env_LT_SYS_LIBRARY_PATH_set=
ac_cv_env_LT_SYS_LIBRARY_PATH_value=
ac_cv_env_build_alias_set=
ac_cv_env_build_alias_value=
ac_cv_env_host_alias_set=
ac_cv_env_host_alias_value=
ac_cv_env_target_alias_set=
ac_cv_env_target_alias_value=
ac_cv_func_aligned_alloc=yes
ac_cv_func_backtrace=yes
ac_cv_func_backtrace_symbols=yes
ac_cv_func_fsync=yes
ac_cv_func_posix_memalign=yes
ac_cv_func_qsort_r=yes
ac_cv_func_strtol=yes
ac_cv_func_strtoll=yes
ac_cv_header_dlfcn_h=yes
ac_cv_header_execinfo_h=yes
ac_cv_header_inttypes_h=yes
ac_cv_header_memory_h=yes
ac_cv_header_signal_h=yes
ac_cv_header_stdc=yes
ac_cv_header_stdint_h=yes
ac_cv_header_stdlib_h=yes
ac_cv_header_string_h=yes
ac_cv_header_strings_h=yes
ac_cv_header_sys_stat_h=yes
ac_cv_header_sys_time_h=yes
ac_cv_header_sys_types_h=yes
ac_cv_header_time_h=yes
ac_cv_header_unistd_h=yes
ac_cv_host=x86_64-apple-darwin20.6.0
ac_cv_objext=o
ac_cv_path_EGREP='/usr/bin/grep -E'
ac_cv_path_FGREP='/usr/bin/grep -F'
ac_cv_path_GREP=/usr/bin/grep
ac_cv_path_SED=/usr/bin/sed
ac_cv_path_install='/usr/bin/install -c'
ac_cv_path_lt_DD=/bin/dd
ac_cv_prog_AWK=awk
ac_cv_prog_CPP='/Users/simone/mylibs/openmpi-4.1.0/build_gcc9/bin/mpicc -E'
ac_cv_prog_SC_MPIRUN=mpiexec
ac_cv_prog_ac_ct_AR=ar
ac_cv_prog_ac_ct_CC=/Users/simone/mylibs/openmpi-4.1.0/build_gcc9/bin/mpicc
ac_cv_prog_ac_ct_DSYMUTIL=dsymutil
ac_cv_prog_ac_ct_LIPO=lipo
ac_cv_prog_ac_ct_NMEDIT=nmedit
ac_cv_prog_ac_ct_OBJDUMP=objdump
ac_cv_prog_ac_ct_OTOOL=otool
ac_cv_prog_ac_ct_RANLIB=ranlib
ac_cv_prog_ac_ct_STRIP=strip
ac_cv_prog_cc__Users_simone_mylibs_openmpi_4_1_0_build_gcc9_bin_mpicc_c_o=yes
ac_cv_prog_cc_c89=
ac_cv_prog_cc_g=yes
ac_cv_prog_make_make_set=yes
ac_cv_search_adler32_combine=-lz
ac_cv_search_fabs='none required'
ac_cv_sizeof_int=4
ac_cv_sizeof_long=8
ac_cv_sizeof_long_long=8
ac_cv_sizeof_unsigned_long=8
ac_cv_sizeof_unsigned_long_long=8
ac_cv_sizeof_void_p=8
ac_cv_type_size_t=yes
ac_cv_type_ssize_t=yes
am_cv_CC_dependencies_compiler_type=gcc3
am_cv_ar_interface=ar
am_cv_make_support_nested_variables=yes
am_cv_prog_cc_c_o=yes
lt_cv_apple_cc_single_mod=yes
lt_cv_ar_at_file=no
lt_cv_deplibs_check_method=pass_all
lt_cv_file_magic_cmd='$MAGIC_CMD'
lt_cv_file_magic_test_file=
lt_cv_ld_exported_symbols_list=yes
lt_cv_ld_force_load=yes
lt_cv_ld_reload_flag=-r
lt_cv_nm_interface='BSD nm'
lt_cv_objdir=.libs
lt_cv_path_LD=/opt/local/bin/ld
lt_cv_path_NM='/opt/local/bin/nm -B'
lt_cv_path_mainfest_tool=no
lt_cv_prog_compiler_c_o=yes
lt_cv_prog_compiler_pic='-fno-common -DPIC'
lt_cv_prog_compiler_pic_works=yes
lt_cv_prog_compiler_rtti_exceptions=no
lt_cv_prog_compiler_static_works=no
lt_cv_prog_gnu_ld=no
lt_cv_sharedlib_from_linklib_cmd='printf %s\n'
lt_cv_sys_global_symbol_pipe='sed -n -e '\''s/^.*[	 ]\([BCDEGRST][BCDEGRST]*\)[	 ][	 ]*_\([_A-Za-z][_A-Za-z0-9]*\)$/\1 _\2 \2/p'\'' | sed '\''/ __gnu_lto/d'\'''
lt_cv_sys_global_symbol_to_c_name_address='sed -n -e '\''s/^: \(.*\) .*$/  {"\1", (void *) 0},/p'\'' -e '\''s/^[BCDEGRST][BCDEGRST]* .* \(.*\)$/  {"\1", (void *) \&\1},/p'\'''
lt_cv_sys_global_symbol_to_c_name_address_lib_prefix='sed -n -e '\''s/^: \(.*\) .*$/  {"\1", (void *) 0},/p'\'' -e '\''s/^[BCDEGRST][BCDEGRST]* .* \(lib.*\)$/  {"\1", (void *) \&\1},/p'\'' -e '\''s/^[BCDEGRST][BCDEGRST]* .* \(.*\)$/  {"lib\1", (void *) \&\1},/p'\'''
lt_cv_sys_global_symbol_to_cdecl='sed -n -e '\''s/^T .* \(.*\)$/extern int \1();/p'\'' -e '\''s/^[BCDEGRST][BCDEGRST]* .* \(.*\)$/extern char \1;/p'\'''
lt_cv_sys_global_symbol_to_import=
lt_cv_sys_max_cmd_len=786432
lt_cv_to_host_file_cmd=func_convert_file_noop
lt_cv_to_tool_file_cmd=func_convert_file_noop
lt_cv_truncate_bin='/bin/dd bs=4096 count=1'

## ----------------- ##
## Output variables. ##
## ----------------- ##

ACLOCAL='${SHELL} /Users/simone/Work/Codes/mmesh3d/github/MMesh3D/p4est/sc/build-aux/missing aclocal-1.16'
AMDEPBACKSLASH='\'
AMDEP_FALSE='#'
AMDEP_TRUE=''
AMTAR='$${TAR-tar}'
AM_BACKSLASH='\'
AM_DEFAULT_V='$(AM_DEFAULT_VERBOSITY)'
AM_DEFAULT_VERBOSITY='1'
AM_V='$(V)'
AR='ar'
AUTOCONF='${SHELL} /Users/simone/Work/Codes/mmesh3d/github/MMesh3D/p4est/sc/build-aux/missing autoconf'
AUTOHEADER='${SHELL} /Users/simone/Work/Codes/mmesh3d/github/MMesh3D/p4est/sc/build-aux/missing autoheader'
AUTOMAKE='${SHELL} /Users/simone/Work/Codes/mmesh3d/github/MMesh3D/p4est/sc/build-aux/missing automake-1.16'
AWK='awk'
CC='/Users/simone/mylibs/openmpi-4.1.0/build_gcc9/bin/mpicc'
CCDEPMODE='depmode=gcc3'
CFLAGS='-g -O2'
CPP='/Users/simone/mylibs/openmpi-4.1.0/build_gcc9/bin/mpicc -E'
CPPFLAGS=''
CYGPATH_W='echo'
DEFS='-DHAVE_CONFIG_H'
DEPDIR='.deps'
DLLTOOL='false'
DSYMUTIL='dsymutil'
DUMPBIN=''
ECHO_C='\c'
ECHO_N=''
ECHO_T=''
EGREP='/usr/bin/grep -E'
EXEEXT=''
FGREP='/usr/bin/grep -F'
GREP='/usr/bin/grep'
INSTALL_DATA='${INSTALL} -m 644'
INSTALL_PROGRAM='${INSTALL}'
INSTALL_SCRIPT='${INSTALL}'
INSTALL_STRIP_PROGRAM='$(install_sh) -c -s'
LD='/opt/local/bin/ld'
LDFLAGS=''
LIBOBJS=''
LIBS='-lz '
LIBTOOL='$(SHELL) $(top_builddir)/libtool'
LIPO='lipo'
LN_S='ln -s'
LTLIBOBJS=''
LT_SYS_LIBRARY_PATH=''
MAKEINFO='${SHELL} /Users/simone/Work/Codes/mmesh3d/github/MMesh3D/p4est/sc/build-aux/missing makeinfo'
MANIFEST_TOOL=':'
MKDIR_P='build-aux/install-sh -c -d'
NM='/opt/local/bin/nm -B'
NMEDIT='nmedit'
OBJDUMP='objdump'
OBJEXT='o'
OTOOL64=':'
OTOOL='otool'
PACKAGE='libsc'
PACKAGE_BUGREPORT='info@p4est.org'
PACKAGE_NAME='libsc'
PACKAGE_PREFIX='SC'
PACKAGE_STRING='libsc 2.8.1.44-954f'
PACKAGE_TARNAME='libsc'
PACKAGE_URL=''
PACKAGE_VERSION='2.8.1.44-954f'
PATH_SEPARATOR=':'
RANLIB='ranlib'
SC_ENABLE_DEBUG_FALSE=''
SC_ENABLE_DEBUG_TRUE='#'
SC_ENABLE_MEMALIGN_FALSE='#'
SC_ENABLE_MEMALIGN_TRUE=''
SC_ENABLE_MPIIO_FALSE='#'
SC_ENABLE_MPIIO_TRUE=''
SC_ENABLE_MPITHREAD_FALSE='#'
SC_ENABLE_MPITHREAD_TRUE=''
SC_ENABLE_MPI_FALSE='#'
SC_ENABLE_MPI_TRUE=''
SC_ENABLE_OPENMP_FALSE=''
SC_ENABLE_OPENMP_TRUE='#'
SC_ENABLE_PTHREAD_FALSE=''
SC_ENABLE_PTHREAD_TRUE='#'
SC_ENABLE_USE_COUNTERS_FALSE='#'
SC_ENABLE_USE_COUNTERS_TRUE=''
SC_ENABLE_USE_REALLOC_FALSE='#'
SC_ENABLE_USE_REALLOC_TRUE=''
SC_HAVE_ZLIB_FALSE='#'
SC_HAVE_ZLIB_TRUE=''
SC_MPIRUN='mpiexec'
SC_MPIRUN_FALSE='#'
SC_MPIRUN_TRUE=''
SC_MPI_TEST_FLAGS='-n 2'
SC_PROVIDE_GETOPT_FALSE=''
SC_PROVIDE_GETOPT_TRUE='#'
SC_WITH_PAPI_FALSE=''
SC_WITH_PAPI_TRUE='#'
SED='/usr/bin/sed'
SET_MAKE=''
SHELL='/bin/sh'
STRIP='strip'
VERSION='2.8.1.44-954f'
ac_ct_AR='ar'
ac_ct_CC='/Users/simone/mylibs/openmpi-4.1.0/build_gcc9/bin/mpicc'
ac_ct_DUMPBIN=''
am__EXEEXT_FALSE=''
am__EXEEXT_TRUE='#'
am__fastdepCC_FALSE='#'
am__fastdepCC_TRUE=''
am__include='include'
am__isrc=''
am__leading_dot='.'
am__nodep='_no'
am__quote=''
am__tar='$${TAR-tar} chof - "$$tardir"'
am__untar='$${TAR-tar} xf -'
bindir='${exec_prefix}/bin'
build='x86_64-apple-darwin20.6.0'
build_alias=''
build_cpu='x86_64'
build_os='darwin20.6.0'
build_vendor='apple'
datadir='${datarootdir}'
datarootdir='${prefix}/share'
docdir='${datarootdir}/doc/${PACKAGE_TARNAME}'
dvidir='${docdir}'
exec_prefix='${prefix}'
host='x86_64-apple-darwin20.6.0'
host_alias=''
host_cpu='x86_64'
host_os='darwin20.6.0'
host_vendor='apple'
htmldir='${docdir}'
includedir='${prefix}/include'
infodir='${datarootdir}/info'
install_sh='${SHELL} /Users/simone/Work/Codes/mmesh3d/github/MMesh3D/p4est/sc/build-aux/install-sh'
libdir='${exec_prefix}/lib'
libexecdir='${exec_prefix}/libexec'
localedir='${datarootdir}/locale'
localstatedir='${prefix}/var'
mandir='${datarootdir}/man'
mkdir_p='$(MKDIR_P)'
oldincludedir='/usr/include'
pdfdir='${docdir}'
prefix='/Users/simone/Work/Codes/mmesh3d/github/MMesh3D/p4est/local'
program_transform_name='s,x,x,'
psdir='${docdir}'
sbindir='${exec_prefix}/sbin'
sharedstatedir='${prefix}/com'
sysconfdir='${prefix}/etc'
target_alias=''

## ----------- ##
## confdefs.h. ##
## ----------- ##

/* confdefs.h */
#define PACKAGE_NAME "libsc"
#define PACKAGE_TARNAME "libsc"
#define PACKAGE_VERSION "2.8.1.44-954f"
#define PACKAGE_STRING "libsc 2.8.1.44-954f"
#define PACKAGE_BUGREPORT "info@p4est.org"
#define PACKAGE_URL ""
#define PACKAGE "libsc"
#define VERSION "2.8.1.44-954f"
#define VERSION_MAJOR 2
#define VERSION_MINOR 8
#define VERSION_POINT 1.44-954f
#define USE_REALLOC 1
#define ENABLE_USE_REALLOC 1
#define USE_COUNTERS 1
#define ENABLE_USE_COUNTERS 1
#define MPI 1
#define ENABLE_MPI 1
#define MPIIO 1
#define ENABLE_MPIIO 1
#define ENABLE_MPITHREAD 1
#define ENABLE_MPIWINSHARED 1
#define ENABLE_MPICOMMSHARED 1
#define STDC_HEADERS 1
#define HAVE_SYS_TYPES_H 1
#define HAVE_SYS_STAT_H 1
#define HAVE_STDLIB_H 1
#define HAVE_STRING_H 1
#define HAVE_MEMORY_H 1
#define HAVE_STRINGS_H 1
#define HAVE_INTTYPES_H 1
#define HAVE_STDINT_H 1
#define HAVE_UNISTD_H 1
#define HAVE_DLFCN_H 1
#define LT_OBJDIR ".libs/"
#define restrict __restrict
#define SIZEOF_INT 4
#define SIZEOF_LONG 8
#define SIZEOF_LONG_LONG 8
#define SIZEOF_UNSIGNED_LONG 8
#define SIZEOF_UNSIGNED_LONG_LONG 8
#define SIZEOF_VOID_P 8
#define HAVE_EXECINFO_H 1
#define HAVE_SIGNAL_H 1
#define HAVE_SYS_TIME_H 1
#define HAVE_SYS_TYPES_H 1
#define HAVE_TIME_H 1
#define HAVE_BACKTRACE 1
#define HAVE_BACKTRACE_SYMBOLS 1
#define HAVE_STRTOL 1
#define HAVE_STRTOLL 1
#define HAVE_FSYNC 1
#define HAVE_QSORT_R 1
#define HAVE_ZLIB 1
#define SIZEOF_VOID_P 8
#define HAVE_ALIGNED_ALLOC 1
#define HAVE_POSIX_MEMALIGN 1
#define MEMALIGN 1
#define ENABLE_MEMALIGN 1
#define MEMALIGN_BYTES (SC_SIZEOF_VOID_P)
#define CPP "/Users/simone/mylibs/openmpi-4.1.0/build_gcc9/bin/mpicc -E"
#define CPPFLAGS ""
#define CC "/Users/simone/mylibs/openmpi-4.1.0/build_gcc9/bin/mpicc"
#define CFLAGS "-g -O2"
#define LDFLAGS ""
#define LIBS "-lz "

configure: exit 0
