This file contains any messages produced by compilers while
running configure, to aid debugging if configure makes a mistake.

It was created by p4est configure 2.2.270-2697, which was
generated by GNU Autoconf 2.69.  Invocation command line was

  $ ./configure CC=/Users/simone/mylibs/openmpi-4.1.0/build_gcc9/bin/mpicc CXX=/Users/simone/mylibs/openmpi-4.1.0/build_gcc9/bin/Users/simone/mylibs/openmpi-4.1.0/build_gcc9/bin/mpicxx FC=/Users/simone/mylibs/openmpi-4.1.0/build_gcc9/bin/mpif90 F77=/Users/simone/mylibs/openmpi-4.1.0/build_gcc9/bin/mpif77 --enable-p6est --enable-mpi --enable-static --disable-shared

## --------- ##
## Platform. ##
## --------- ##

hostname = Simones-iMac-Pro.local
uname -m = x86_64
uname -r = 20.6.0
uname -s = Darwin
uname -v = Darwin Kernel Version 20.6.0: Mon Aug 30 06:12:21 PDT 2021; root:xnu-7195.141.6~3/RELEASE_X86_64

/usr/bin/uname -p = i386
/bin/uname -X     = unknown

/bin/arch              = unknown
/usr/bin/arch -k       = unknown
/usr/convex/getsysinfo = unknown
/usr/bin/hostinfo      = Mach kernel version:
	 Darwin Kernel Version 20.6.0: Mon Aug 30 06:12:21 PDT 2021; root:xnu-7195.141.6~3/RELEASE_X86_64
Kernel configured for up to 36 processors.
18 processors are physically available.
36 processors are logically available.
Processor type: x86_64h (Intel x86-64h Haswell)
Processors active: 0 1 2 3 4 5 6 7 8 9 10 11 12 13 14 15 16 17 18 19 20 21 22 23 24 25 26 27 28 29 30 31 32 33 34 35
Primary memory available: 32.00 gigabytes
Default processor set: 588 tasks, 2936 threads, 36 processors
Load average: 1.98, Mach factor: 34.01
/bin/machine           = unknown
/usr/bin/oslevel       = unknown
/bin/universe          = unknown

PATH: /Applications/MATLAB_R2019b.app/bin
PATH: /Applications/Julia-1.3.app/Contents/Resources/julia/bin
PATH: /usr/local/opt/qt/bin
PATH: /opt/local/bin
PATH: /opt/local/sbin
PATH: /usr/local/opt/qt/bin
PATH: /usr/local/bin
PATH: /usr/bin
PATH: /bin
PATH: /usr/sbin
PATH: /sbin
PATH: /Library/TeX/texbin
PATH: /opt/X11/bin
PATH: /Users/simone/mylibs/openmpi-4.1.0/build_gcc9/bin
PATH: /Users/simone/mylibs/netcdf-4.6.1
PATH: /Users/simone/Work/Alya/Alya-cees/Alya/Utils/user


## ----------- ##
## Core tests. ##
## ----------- ##

configure:2551: checking for a BSD-compatible install
configure:2619: result: /usr/bin/install -c
configure:2630: checking whether build environment is sane
configure:2685: result: yes
configure:2836: checking for a thread-safe mkdir -p
configure:2875: result: build-aux/install-sh -c -d
configure:2882: checking for gawk
configure:2912: result: no
configure:2882: checking for mawk
configure:2912: result: no
configure:2882: checking for nawk
configure:2912: result: no
configure:2882: checking for awk
configure:2898: found /usr/bin/awk
configure:2909: result: awk
configure:2920: checking whether make sets $(MAKE)
configure:2942: result: yes
configure:2971: checking whether make supports nested variables
configure:2988: result: yes
configure:3125: checking whether make supports nested variables
configure:3142: result: yes
configure:3153: checking for a sed that does not truncate output
configure:3217: result: /usr/bin/sed
configure:3228: checking Major version
configure:3230: result: 2
configure:3232: checking Minor version
configure:3234: result: 2
configure:3236: checking Point version
configure:3238: result: 270-2697
configure:3471: checking whether we are using MPI
configure:3473: result: yes
configure:3490: checking whether we are using MPI I/O
configure:3492: result: yes
configure:3509: checking whether we are using MPI_Init_thread
configure:3511: result: yes
configure:3521: checking for mpiexec
configure:3537: found /usr/local/bin/mpiexec
configure:3548: result: mpiexec
configure:3589:                              CC set to /Users/simone/mylibs/openmpi-4.1.0/build_gcc9/bin/mpicc
configure:3644: checking whether make supports the include directive
configure:3659: make -f confmf.GNU && cat confinc.out
this is the am__doit target
configure:3662: $? = 0
configure:3681: result: yes (GNU style)
configure:3751: checking for gcc
configure:3778: result: /Users/simone/mylibs/openmpi-4.1.0/build_gcc9/bin/mpicc
configure:4007: checking for C compiler version
configure:4016: /Users/simone/mylibs/openmpi-4.1.0/build_gcc9/bin/mpicc --version >&5
gcc-9 (Homebrew GCC 9.4.0) 9.4.0
Copyright (C) 2019 Free Software Foundation, Inc.
This is free software; see the source for copying conditions.  There is NO
warranty; not even for MERCHANTABILITY or FITNESS FOR A PARTICULAR PURPOSE.

configure:4027: $? = 0
configure:4016: /Users/simone/mylibs/openmpi-4.1.0/build_gcc9/bin/mpicc -v >&5
Using built-in specs.
COLLECT_GCC=/usr/local/bin/gcc-9
COLLECT_LTO_WRAPPER=/usr/local/Cellar/gcc@9/9.4.0/libexec/gcc/x86_64-apple-darwin20/9.4.0/lto-wrapper
Target: x86_64-apple-darwin20
Configured with: ../configure --prefix=/usr/local/Cellar/gcc@9/9.4.0 --libdir=/usr/local/Cellar/gcc@9/9.4.0/lib/gcc/9 --disable-nls --enable-checking=release --enable-languages=c,c++,objc,obj-c++,fortran --program-suffix=-9 --with-gmp=/usr/local/opt/gmp --with-mpfr=/usr/local/opt/mpfr --with-mpc=/usr/local/opt/libmpc --with-isl=/usr/local/opt/isl --with-pkgversion='Homebrew GCC 9.4.0' --with-bugurl=https://github.com/Homebrew/homebrew-core/issues --build=x86_64-apple-darwin20 --with-system-zlib --disable-multilib --without-build-config --with-native-system-header-dir=/usr/include --with-sysroot=/Library/Developer/CommandLineTools/SDKs/MacOSX.sdk
Thread model: posix
gcc version 9.4.0 (Homebrew GCC 9.4.0) 
configure:4027: $? = 0
configure:4016: /Users/simone/mylibs/openmpi-4.1.0/build_gcc9/bin/mpicc -V >&5
gcc-9: error: unrecognized command line option '-V'
gcc-9: fatal error: no input files
compilation terminated.
configure:4027: $? = 1
configure:4016: /Users/simone/mylibs/openmpi-4.1.0/build_gcc9/bin/mpicc -qversion >&5
gcc-9: error: unrecognized command line option '-qversion'; did you mean '--version'?
gcc-9: fatal error: no input files
compilation terminated.
configure:4027: $? = 1
configure:4047: checking whether the C compiler works
configure:4069: /Users/simone/mylibs/openmpi-4.1.0/build_gcc9/bin/mpicc    conftest.c  >&5
configure:4073: $? = 0
configure:4121: result: yes
configure:4124: checking for C compiler default output file name
configure:4126: result: a.out
configure:4132: checking for suffix of executables
configure:4139: /Users/simone/mylibs/openmpi-4.1.0/build_gcc9/bin/mpicc -o conftest    conftest.c  >&5
configure:4143: $? = 0
configure:4165: result: 
configure:4187: checking whether we are cross compiling
configure:4195: /Users/simone/mylibs/openmpi-4.1.0/build_gcc9/bin/mpicc -o conftest    conftest.c  >&5
configure:4199: $? = 0
configure:4206: ./conftest
configure:4210: $? = 0
configure:4225: result: no
configure:4230: checking for suffix of object files
configure:4252: /Users/simone/mylibs/openmpi-4.1.0/build_gcc9/bin/mpicc -c   conftest.c >&5
configure:4256: $? = 0
configure:4277: result: o
configure:4281: checking whether we are using the GNU C compiler
configure:4300: /Users/simone/mylibs/openmpi-4.1.0/build_gcc9/bin/mpicc -c   conftest.c >&5
configure:4300: $? = 0
configure:4309: result: yes
configure:4318: checking whether /Users/simone/mylibs/openmpi-4.1.0/build_gcc9/bin/mpicc accepts -g
configure:4338: /Users/simone/mylibs/openmpi-4.1.0/build_gcc9/bin/mpicc -c -g  conftest.c >&5
configure:4338: $? = 0
configure:4379: result: yes
configure:4396: checking for /Users/simone/mylibs/openmpi-4.1.0/build_gcc9/bin/mpicc option to accept ISO C89
configure:4459: /Users/simone/mylibs/openmpi-4.1.0/build_gcc9/bin/mpicc  -c -g -O2  conftest.c >&5
configure:4459: $? = 0
configure:4472: result: none needed
configure:4497: checking whether /Users/simone/mylibs/openmpi-4.1.0/build_gcc9/bin/mpicc understands -c and -o together
configure:4519: /Users/simone/mylibs/openmpi-4.1.0/build_gcc9/bin/mpicc -c conftest.c -o conftest2.o
configure:4522: $? = 0
configure:4519: /Users/simone/mylibs/openmpi-4.1.0/build_gcc9/bin/mpicc -c conftest.c -o conftest2.o
configure:4522: $? = 0
configure:4534: result: yes
configure:4553: checking dependency style of /Users/simone/mylibs/openmpi-4.1.0/build_gcc9/bin/mpicc
configure:4664: result: gcc3
configure:4686: checking whether /Users/simone/mylibs/openmpi-4.1.0/build_gcc9/bin/mpicc and cc understand -c and -o together
configure:4717: /Users/simone/mylibs/openmpi-4.1.0/build_gcc9/bin/mpicc -c conftest.c -o conftest2.o >&5
configure:4721: $? = 0
configure:4727: /Users/simone/mylibs/openmpi-4.1.0/build_gcc9/bin/mpicc -c conftest.c -o conftest2.o >&5
configure:4731: $? = 0
configure:4742: cc -c conftest.c >&5
configure:4746: $? = 0
configure:4754: cc -c conftest.c -o conftest2.o >&5
configure:4758: $? = 0
configure:4764: cc -c conftest.c -o conftest2.o >&5
configure:4768: $? = 0
configure:4786: result: yes
configure:4801: checking compile/link for MPI C program
configure:4820: /Users/simone/mylibs/openmpi-4.1.0/build_gcc9/bin/mpicc -o conftest -g -O2   conftest.c  >&5
configure:4820: $? = 0
configure:4821: result: successful
configure:4835: checking compile/link for MPI I/O C program
configure:4859: /Users/simone/mylibs/openmpi-4.1.0/build_gcc9/bin/mpicc -o conftest -g -O2   conftest.c  >&5
configure:4859: $? = 0
configure:4860: result: successful
configure:4874: checking compile/link for MPI_Init_thread C program
configure:4896: /Users/simone/mylibs/openmpi-4.1.0/build_gcc9/bin/mpicc -o conftest -g -O2   conftest.c  >&5
configure:4896: $? = 0
configure:4897: result: successful
configure:4911: checking compile/link for MPI_Win_allocate_shared C program
configure:4940: /Users/simone/mylibs/openmpi-4.1.0/build_gcc9/bin/mpicc -o conftest -g -O2   conftest.c  >&5
configure:4940: $? = 0
configure:4941: result: successful
configure:4959: checking compile/link for MPI_COMM_TYPE_SHARED C program
configure:4981: /Users/simone/mylibs/openmpi-4.1.0/build_gcc9/bin/mpicc -o conftest -g -O2   conftest.c  >&5
configure:4981: $? = 0
configure:4982: result: successful
configure:5051: checking for ar
configure:5067: found /opt/local/bin/ar
configure:5078: result: ar
configure:5104: checking the archiver (ar) interface
configure:5120: /Users/simone/mylibs/openmpi-4.1.0/build_gcc9/bin/mpicc -c -g -O2  conftest.c >&5
configure:5120: $? = 0
configure:5122: ar cru libconftest.a conftest.o >&5
configure:5125: $? = 0
configure:5153: result: ar
configure:5202: checking build system type
configure:5216: result: x86_64-apple-darwin20.6.0
configure:5236: checking host system type
configure:5249: result: x86_64-apple-darwin20.6.0
configure:5290: checking how to print strings
configure:5317: result: printf
configure:5338: checking for a sed that does not truncate output
configure:5402: result: /usr/bin/sed
configure:5420: checking for grep that handles long lines and -e
configure:5478: result: /usr/bin/grep
configure:5483: checking for egrep
configure:5545: result: /usr/bin/grep -E
configure:5550: checking for fgrep
configure:5612: result: /usr/bin/grep -F
configure:5647: checking for ld used by /Users/simone/mylibs/openmpi-4.1.0/build_gcc9/bin/mpicc
configure:5714: result: /opt/local/bin/ld
configure:5721: checking if the linker (/opt/local/bin/ld) is GNU ld
configure:5736: result: no
configure:5748: checking for BSD- or MS-compatible name lister (nm)
configure:5802: result: /opt/local/bin/nm -B
configure:5932: checking the name lister (/opt/local/bin/nm -B) interface
configure:5939: /Users/simone/mylibs/openmpi-4.1.0/build_gcc9/bin/mpicc -c -g -O2  conftest.c >&5
configure:5942: /opt/local/bin/nm -B "conftest.o"
configure:5945: output
000000000000019c S _some_variable
configure:5952: result: BSD nm
configure:5955: checking whether ln -s works
configure:5959: result: yes
configure:5967: checking the maximum length of command line arguments
configure:6098: result: 786432
configure:6146: checking how to convert x86_64-apple-darwin20.6.0 file names to x86_64-apple-darwin20.6.0 format
configure:6186: result: func_convert_file_noop
configure:6193: checking how to convert x86_64-apple-darwin20.6.0 file names to toolchain format
configure:6213: result: func_convert_file_noop
configure:6220: checking for /opt/local/bin/ld option to reload object files
configure:6227: result: -r
configure:6301: checking for objdump
configure:6317: found /opt/local/bin/objdump
configure:6328: result: objdump
configure:6360: checking how to recognize dependent libraries
configure:6560: result: pass_all
configure:6645: checking for dlltool
configure:6675: result: no
configure:6705: checking how to associate runtime and link libraries
configure:6732: result: printf %s\n
configure:6856: checking for archiver @FILE support
configure:6873: /Users/simone/mylibs/openmpi-4.1.0/build_gcc9/bin/mpicc -c -g -O2  conftest.c >&5
configure:6873: $? = 0
configure:6876: ar cru libconftest.a @conftest.lst >&5
ar: @conftest.lst: No such file or directory
configure:6879: $? = 1
configure:6899: result: no
configure:6957: checking for strip
configure:6973: found /opt/local/bin/strip
configure:6984: result: strip
configure:7056: checking for ranlib
configure:7072: found /opt/local/bin/ranlib
configure:7083: result: ranlib
configure:7185: checking command to parse /opt/local/bin/nm -B output from /Users/simone/mylibs/openmpi-4.1.0/build_gcc9/bin/mpicc object
configure:7338: /Users/simone/mylibs/openmpi-4.1.0/build_gcc9/bin/mpicc -c -g -O2  conftest.c >&5
configure:7341: $? = 0
configure:7345: /opt/local/bin/nm -B conftest.o \| sed -n -e 's/^.*[ ]\([BCDEGRST][BCDEGRST]*\)[ ][ ]*\([_A-Za-z][_A-Za-z0-9]*\)$/\1 \2 \2/p' | sed '/ __gnu_lto/d' \> conftest.nm
configure:7348: $? = 0
cannot find nm_test_var in conftest.nm
configure:7338: /Users/simone/mylibs/openmpi-4.1.0/build_gcc9/bin/mpicc -c -g -O2  conftest.c >&5
configure:7341: $? = 0
configure:7345: /opt/local/bin/nm -B conftest.o \| sed -n -e 's/^.*[ ]\([BCDEGRST][BCDEGRST]*\)[ ][ ]*_\([_A-Za-z][_A-Za-z0-9]*\)$/\1 _\2 \2/p' | sed '/ __gnu_lto/d' \> conftest.nm
configure:7348: $? = 0
configure:7414: /Users/simone/mylibs/openmpi-4.1.0/build_gcc9/bin/mpicc -o conftest -g -O2   conftest.c conftstm.o >&5
warning: (x86_64)  could not find object file symbol for symbol _main
configure:7417: $? = 0
configure:7455: result: ok
configure:7502: checking for sysroot
configure:7532: result: no
configure:7539: checking for a working dd
configure:7577: result: /bin/dd
configure:7581: checking how to truncate binary pipes
configure:7596: result: /bin/dd bs=4096 count=1
configure:7925: checking for mt
configure:7955: result: no
configure:7975: checking if : is a manifest tool
configure:7981: : '-?'
configure:7989: result: no
configure:8045: checking for dsymutil
configure:8061: found /usr/bin/dsymutil
configure:8072: result: dsymutil
configure:8137: checking for nmedit
configure:8153: found /usr/bin/nmedit
configure:8164: result: nmedit
configure:8229: checking for lipo
configure:8245: found /opt/local/bin/lipo
configure:8256: result: lipo
configure:8321: checking for otool
configure:8337: found /opt/local/bin/otool
configure:8348: result: otool
configure:8413: checking for otool64
configure:8443: result: no
configure:8488: checking for -single_module linker flag
/Users/simone/mylibs/openmpi-4.1.0/build_gcc9/bin/mpicc -g -O2  -o libconftest.dylib -dynamiclib -Wl,-single_module conftest.c
configure:8521: result: yes
configure:8524: checking for -exported_symbols_list linker flag
configure:8544: /Users/simone/mylibs/openmpi-4.1.0/build_gcc9/bin/mpicc -o conftest -g -O2   -Wl,-exported_symbols_list,conftest.sym conftest.c  >&5
configure:8544: $? = 0
configure:8554: result: yes
configure:8557: checking for -force_load linker flag
/Users/simone/mylibs/openmpi-4.1.0/build_gcc9/bin/mpicc -g -O2 -c -o conftest.o conftest.c
ar cru libconftest.a conftest.o
ranlib libconftest.a
/Users/simone/mylibs/openmpi-4.1.0/build_gcc9/bin/mpicc -g -O2  -o conftest conftest.c -Wl,-force_load,./libconftest.a
configure:8589: result: yes
configure:8666: checking how to run the C preprocessor
configure:8697: /Users/simone/mylibs/openmpi-4.1.0/build_gcc9/bin/mpicc -E  conftest.c
configure:8697: $? = 0
configure:8711: /Users/simone/mylibs/openmpi-4.1.0/build_gcc9/bin/mpicc -E  conftest.c
conftest.c:31:10: fatal error: ac_nonexistent.h: No such file or directory
   31 | #include <ac_nonexistent.h>
      |          ^~~~~~~~~~~~~~~~~~
compilation terminated.
configure:8711: $? = 1
configure: failed program was:
| /* confdefs.h */
| #define PACKAGE_NAME "p4est"
| #define PACKAGE_TARNAME "p4est"
| #define PACKAGE_VERSION "2.2.270-2697"
| #define PACKAGE_STRING "p4est 2.2.270-2697"
| #define PACKAGE_BUGREPORT "info@p4est.org"
| #define PACKAGE_URL ""
| #define PACKAGE "p4est"
| #define VERSION "2.2.270-2697"
| #define VERSION_MAJOR 2
| #define VERSION_MINOR 2
| #define VERSION_POINT 270-2697
| #define VTK_BINARY 1
| #define ENABLE_VTK_BINARY 1
| #define VTK_COMPRESSION 1
| #define ENABLE_VTK_COMPRESSION 1
| #define BUILD_2D 1
| #define ENABLE_BUILD_2D 1
| #define BUILD_3D 1
| #define ENABLE_BUILD_3D 1
| #define BUILD_P6EST 1
| #define ENABLE_BUILD_P6EST 1
| #define MPI 1
| #define ENABLE_MPI 1
| #define MPIIO 1
| #define ENABLE_MPIIO 1
| #define ENABLE_MPITHREAD 1
| #define ENABLE_MPIWINSHARED 1
| #define ENABLE_MPICOMMSHARED 1
| /* end confdefs.h.  */
| #include <ac_nonexistent.h>
configure:8736: result: /Users/simone/mylibs/openmpi-4.1.0/build_gcc9/bin/mpicc -E
configure:8756: /Users/simone/mylibs/openmpi-4.1.0/build_gcc9/bin/mpicc -E  conftest.c
configure:8756: $? = 0
configure:8770: /Users/simone/mylibs/openmpi-4.1.0/build_gcc9/bin/mpicc -E  conftest.c
conftest.c:31:10: fatal error: ac_nonexistent.h: No such file or directory
   31 | #include <ac_nonexistent.h>
      |          ^~~~~~~~~~~~~~~~~~
compilation terminated.
configure:8770: $? = 1
configure: failed program was:
| /* confdefs.h */
| #define PACKAGE_NAME "p4est"
| #define PACKAGE_TARNAME "p4est"
| #define PACKAGE_VERSION "2.2.270-2697"
| #define PACKAGE_STRING "p4est 2.2.270-2697"
| #define PACKAGE_BUGREPORT "info@p4est.org"
| #define PACKAGE_URL ""
| #define PACKAGE "p4est"
| #define VERSION "2.2.270-2697"
| #define VERSION_MAJOR 2
| #define VERSION_MINOR 2
| #define VERSION_POINT 270-2697
| #define VTK_BINARY 1
| #define ENABLE_VTK_BINARY 1
| #define VTK_COMPRESSION 1
| #define ENABLE_VTK_COMPRESSION 1
| #define BUILD_2D 1
| #define ENABLE_BUILD_2D 1
| #define BUILD_3D 1
| #define ENABLE_BUILD_3D 1
| #define BUILD_P6EST 1
| #define ENABLE_BUILD_P6EST 1
| #define MPI 1
| #define ENABLE_MPI 1
| #define MPIIO 1
| #define ENABLE_MPIIO 1
| #define ENABLE_MPITHREAD 1
| #define ENABLE_MPIWINSHARED 1
| #define ENABLE_MPICOMMSHARED 1
| /* end confdefs.h.  */
| #include <ac_nonexistent.h>
configure:8799: checking for ANSI C header files
configure:8819: /Users/simone/mylibs/openmpi-4.1.0/build_gcc9/bin/mpicc -c -g -O2  conftest.c >&5
configure:8819: $? = 0
configure:8892: /Users/simone/mylibs/openmpi-4.1.0/build_gcc9/bin/mpicc -o conftest -g -O2   conftest.c  >&5
configure:8892: $? = 0
configure:8892: ./conftest
configure:8892: $? = 0
configure:8903: result: yes
configure:8916: checking for sys/types.h
configure:8916: /Users/simone/mylibs/openmpi-4.1.0/build_gcc9/bin/mpicc -c -g -O2  conftest.c >&5
configure:8916: $? = 0
configure:8916: result: yes
configure:8916: checking for sys/stat.h
configure:8916: /Users/simone/mylibs/openmpi-4.1.0/build_gcc9/bin/mpicc -c -g -O2  conftest.c >&5
configure:8916: $? = 0
configure:8916: result: yes
configure:8916: checking for stdlib.h
configure:8916: /Users/simone/mylibs/openmpi-4.1.0/build_gcc9/bin/mpicc -c -g -O2  conftest.c >&5
configure:8916: $? = 0
configure:8916: result: yes
configure:8916: checking for string.h
configure:8916: /Users/simone/mylibs/openmpi-4.1.0/build_gcc9/bin/mpicc -c -g -O2  conftest.c >&5
configure:8916: $? = 0
configure:8916: result: yes
configure:8916: checking for memory.h
configure:8916: /Users/simone/mylibs/openmpi-4.1.0/build_gcc9/bin/mpicc -c -g -O2  conftest.c >&5
configure:8916: $? = 0
configure:8916: result: yes
configure:8916: checking for strings.h
configure:8916: /Users/simone/mylibs/openmpi-4.1.0/build_gcc9/bin/mpicc -c -g -O2  conftest.c >&5
configure:8916: $? = 0
configure:8916: result: yes
configure:8916: checking for inttypes.h
configure:8916: /Users/simone/mylibs/openmpi-4.1.0/build_gcc9/bin/mpicc -c -g -O2  conftest.c >&5
configure:8916: $? = 0
configure:8916: result: yes
configure:8916: checking for stdint.h
configure:8916: /Users/simone/mylibs/openmpi-4.1.0/build_gcc9/bin/mpicc -c -g -O2  conftest.c >&5
configure:8916: $? = 0
configure:8916: result: yes
configure:8916: checking for unistd.h
configure:8916: /Users/simone/mylibs/openmpi-4.1.0/build_gcc9/bin/mpicc -c -g -O2  conftest.c >&5
configure:8916: $? = 0
configure:8916: result: yes
configure:8930: checking for dlfcn.h
configure:8930: /Users/simone/mylibs/openmpi-4.1.0/build_gcc9/bin/mpicc -c -g -O2  conftest.c >&5
configure:8930: $? = 0
configure:8930: result: yes
configure:9186: checking for objdir
configure:9201: result: .libs
configure:9461: checking if /Users/simone/mylibs/openmpi-4.1.0/build_gcc9/bin/mpicc supports -fno-rtti -fno-exceptions
configure:9479: /Users/simone/mylibs/openmpi-4.1.0/build_gcc9/bin/mpicc -c -g -O2  -fno-rtti -fno-exceptions conftest.c >&5
cc1: warning: command line option '-fno-rtti' is valid for C++/D/ObjC++ but not for C
configure:9483: $? = 0
configure:9496: result: no
configure:9854: checking for /Users/simone/mylibs/openmpi-4.1.0/build_gcc9/bin/mpicc option to produce PIC
configure:9861: result: -fno-common -DPIC
configure:9869: checking if /Users/simone/mylibs/openmpi-4.1.0/build_gcc9/bin/mpicc PIC flag -fno-common -DPIC works
configure:9887: /Users/simone/mylibs/openmpi-4.1.0/build_gcc9/bin/mpicc -c -g -O2  -fno-common -DPIC -DPIC conftest.c >&5
configure:9891: $? = 0
configure:9904: result: yes
configure:9933: checking if /Users/simone/mylibs/openmpi-4.1.0/build_gcc9/bin/mpicc static flag -static works
configure:9961: result: no
configure:9976: checking if /Users/simone/mylibs/openmpi-4.1.0/build_gcc9/bin/mpicc supports -c -o file.o
configure:9997: /Users/simone/mylibs/openmpi-4.1.0/build_gcc9/bin/mpicc -c -g -O2  -o out/conftest2.o conftest.c >&5
configure:10001: $? = 0
configure:10023: result: yes
configure:10031: checking if /Users/simone/mylibs/openmpi-4.1.0/build_gcc9/bin/mpicc supports -c -o file.o
configure:10078: result: yes
configure:10111: checking whether the /Users/simone/mylibs/openmpi-4.1.0/build_gcc9/bin/mpicc linker (/opt/local/bin/ld) supports shared libraries
configure:11370: result: yes
configure:11610: checking dynamic linker characteristics
configure:12428: result: darwin20.6.0 dyld
configure:12550: checking how to hardcode library paths into programs
configure:12575: result: immediate
configure:13123: checking whether stripping libraries is possible
configure:13137: result: yes
configure:13163: checking if libtool supports shared libraries
configure:13165: result: yes
configure:13168: checking whether to build shared libraries
configure:13193: result: no
configure:13196: checking whether to build static libraries
configure:13200: result: yes
configure:13243: checking for library containing fabs
configure:13274: /Users/simone/mylibs/openmpi-4.1.0/build_gcc9/bin/mpicc -o conftest -g -O2   conftest.c  >&5
conftest.c:50:6: warning: conflicting types for built-in function 'fabs'; expected 'double(double)' [-Wbuiltin-declaration-mismatch]
   50 | char fabs ();
      |      ^~~~
conftest.c:1:1: note: 'fabs' is declared in header '<math.h>'
    1 | /* confdefs.h */
configure:13274: $? = 0
configure:13291: result: none required
configure:13302: checking for library containing adler32_combine
configure:13333: /Users/simone/mylibs/openmpi-4.1.0/build_gcc9/bin/mpicc -o conftest -g -O2   conftest.c  >&5
Undefined symbols for architecture x86_64:
  "_adler32_combine", referenced from:
      _main in ccnScVk1.o
ld: symbol(s) not found for architecture x86_64
collect2: error: ld returned 1 exit status
configure:13333: $? = 1
configure: failed program was:
| /* confdefs.h */
| #define PACKAGE_NAME "p4est"
| #define PACKAGE_TARNAME "p4est"
| #define PACKAGE_VERSION "2.2.270-2697"
| #define PACKAGE_STRING "p4est 2.2.270-2697"
| #define PACKAGE_BUGREPORT "info@p4est.org"
| #define PACKAGE_URL ""
| #define PACKAGE "p4est"
| #define VERSION "2.2.270-2697"
| #define VERSION_MAJOR 2
| #define VERSION_MINOR 2
| #define VERSION_POINT 270-2697
| #define VTK_BINARY 1
| #define ENABLE_VTK_BINARY 1
| #define VTK_COMPRESSION 1
| #define ENABLE_VTK_COMPRESSION 1
| #define BUILD_2D 1
| #define ENABLE_BUILD_2D 1
| #define BUILD_3D 1
| #define ENABLE_BUILD_3D 1
| #define BUILD_P6EST 1
| #define ENABLE_BUILD_P6EST 1
| #define MPI 1
| #define ENABLE_MPI 1
| #define MPIIO 1
| #define ENABLE_MPIIO 1
| #define ENABLE_MPITHREAD 1
| #define ENABLE_MPIWINSHARED 1
| #define ENABLE_MPICOMMSHARED 1
| #define STDC_HEADERS 1
| #define HAVE_SYS_TYPES_H 1
| #define HAVE_SYS_STAT_H 1
| #define HAVE_STDLIB_H 1
| #define HAVE_STRING_H 1
| #define HAVE_MEMORY_H 1
| #define HAVE_STRINGS_H 1
| #define HAVE_INTTYPES_H 1
| #define HAVE_STDINT_H 1
| #define HAVE_UNISTD_H 1
| #define HAVE_DLFCN_H 1
| #define LT_OBJDIR ".libs/"
| /* end confdefs.h.  */
| 
| /* Override any GCC internal prototype to avoid an error.
|    Use char because int might match the return type of a GCC
|    builtin and then its argument prototype would still apply.  */
| #ifdef __cplusplus
| extern "C"
| #endif
| char adler32_combine ();
| int
| main ()
| {
| return adler32_combine ();
|   ;
|   return 0;
| }
configure:13333: /Users/simone/mylibs/openmpi-4.1.0/build_gcc9/bin/mpicc -o conftest -g -O2   conftest.c -lz   >&5
configure:13333: $? = 0
configure:13350: result: -lz
configure:13377: checking for getopt
configure:13394: /Users/simone/mylibs/openmpi-4.1.0/build_gcc9/bin/mpicc -o conftest -g -O2   conftest.c -lz  >&5
configure:13394: $? = 0
configure:13395: result: successful
configure:13423: checking for POSIX threads
configure:13557: result: not used
configure:13563: checking for OpenMP
configure:13694: result: not used
configure:13704: checking size of void *
configure:13709: /Users/simone/mylibs/openmpi-4.1.0/build_gcc9/bin/mpicc -o conftest -g -O2   conftest.c -lz  >&5
configure:13709: $? = 0
configure:13709: ./conftest
configure:13709: $? = 0
configure:13723: result: 8
configure:13737: checking for aligned_alloc
configure:13737: /Users/simone/mylibs/openmpi-4.1.0/build_gcc9/bin/mpicc -o conftest -g -O2   conftest.c -lz  >&5
conftest.c:68:6: warning: conflicting types for built-in function 'aligned_alloc'; expected 'void *(long unsigned int,  long unsigned int)' [-Wbuiltin-declaration-mismatch]
   68 | char aligned_alloc ();
      |      ^~~~~~~~~~~~~
conftest.c:56:1: note: 'aligned_alloc' is declared in header '<stdlib.h>'
   55 | # include <limits.h>
   56 | #else
configure:13737: $? = 0
configure:13737: result: yes
configure:13737: checking for posix_memalign
configure:13737: /Users/simone/mylibs/openmpi-4.1.0/build_gcc9/bin/mpicc -o conftest -g -O2   conftest.c -lz  >&5
conftest.c:69:6: warning: conflicting types for built-in function 'posix_memalign'; expected 'int(void **, long unsigned int,  long unsigned int)' [-Wbuiltin-declaration-mismatch]
   69 | char posix_memalign ();
      |      ^~~~~~~~~~~~~~
configure:13737: $? = 0
configure:13737: result: yes
configure:13747: checking for memory alignment option
configure:13793: result: P4EST_SIZEOF_VOID_P
configure:13811: /Users/simone/mylibs/openmpi-4.1.0/build_gcc9/bin/mpicc -o conftest -g -O2   conftest.c -lz  >&5
configure:13811: $? = 0
configure:13839: /Users/simone/mylibs/openmpi-4.1.0/build_gcc9/bin/mpicc -o conftest -g -O2   conftest.c -lz  >&5
configure:13839: $? = 0
configure:13857: checking for metis
configure:13932: result: not used
configure:13941: checking for petscarch
configure:13974: result: no
configure:13979: checking for PETSc
configure:14136: result: not used
configure:14152: checking arpa/inet.h usability
configure:14152: /Users/simone/mylibs/openmpi-4.1.0/build_gcc9/bin/mpicc -c -g -O2  conftest.c >&5
configure:14152: $? = 0
configure:14152: result: yes
configure:14152: checking arpa/inet.h presence
configure:14152: /Users/simone/mylibs/openmpi-4.1.0/build_gcc9/bin/mpicc -E  conftest.c
configure:14152: $? = 0
configure:14152: result: yes
configure:14152: checking for arpa/inet.h
configure:14152: result: yes
configure:14152: checking netinet/in.h usability
configure:14152: /Users/simone/mylibs/openmpi-4.1.0/build_gcc9/bin/mpicc -c -g -O2  conftest.c >&5
configure:14152: $? = 0
configure:14152: result: yes
configure:14152: checking netinet/in.h presence
configure:14152: /Users/simone/mylibs/openmpi-4.1.0/build_gcc9/bin/mpicc -E  conftest.c
configure:14152: $? = 0
configure:14152: result: yes
configure:14152: checking for netinet/in.h
configure:14152: result: yes
configure:14152: checking for unistd.h
configure:14152: result: yes
configure:14248: Building with source of package sc
configure:14454: checking that generated files are newer than configure
configure:14460: result: done
configure:14567: creating ./config.status

## ---------------------- ##
## Running config.status. ##
## ---------------------- ##

This file was extended by p4est config.status 2.2.270-2697, which was
generated by GNU Autoconf 2.69.  Invocation command line was

  CONFIG_FILES    = 
  CONFIG_HEADERS  = 
  CONFIG_LINKS    = 
  CONFIG_COMMANDS = 
  $ ./config.status 

on Simones-iMac-Pro.local

config.status:1176: creating Makefile
config.status:1176: creating Makefile.p4est.pre
config.status:1176: creating Doxyfile
config.status:1176: creating src/pre_config.h
config.status:1357: src/pre_config.h is unchanged
config.status:1405: executing src/p4est_config.h commands
config.status:1443: creating src/p4est_config.h - prefix P4EST for src/pre_config.h defines
config.status:1465: src/p4est_config.h is unchanged
config.status:1405: executing depfiles commands
config.status:1571: cd .       && sed -e '/# am--include-marker/d' Makefile         | make -f - am--depfiles
make: Nothing to be done for `am--depfiles'.
config.status:1576: $? = 0
config.status:1405: executing libtool commands
configure:16874: === configuring in sc (/Users/simone/Work/Codes/mmesh3d/github/MMesh3D/p4est/sc)
configure:16937: running /bin/sh ./configure --disable-option-checking '--prefix=/Users/simone/Work/Codes/mmesh3d/github/MMesh3D/p4est/local'  'CC=/Users/simone/mylibs/openmpi-4.1.0/build_gcc9/bin/mpicc' 'CXX=/Users/simone/mylibs/openmpi-4.1.0/build_gcc9/bin/Users/simone/mylibs/openmpi-4.1.0/build_gcc9/bin/mpicxx' 'FC=/Users/simone/mylibs/openmpi-4.1.0/build_gcc9/bin/mpif90' 'F77=/Users/simone/mylibs/openmpi-4.1.0/build_gcc9/bin/mpif77' '--enable-p6est' '--enable-mpi' '--enable-static' '--disable-shared' --cache-file=/dev/null --srcdir=.

## ---------------- ##
## Cache variables. ##
## ---------------- ##

ac_cv_build=x86_64-apple-darwin20.6.0
ac_cv_c_compiler_gnu=yes
ac_cv_env_CC_set=set
ac_cv_env_CC_value=/Users/simone/mylibs/openmpi-4.1.0/build_gcc9/bin/mpicc
ac_cv_env_CFLAGS_set=
ac_cv_env_CFLAGS_value=
ac_cv_env_CPPFLAGS_set=
ac_cv_env_CPPFLAGS_value=
ac_cv_env_CPP_set=
ac_cv_env_CPP_value=
ac_cv_env_LDFLAGS_set=
ac_cv_env_LDFLAGS_value=
ac_cv_env_LIBS_set=
ac_cv_env_LIBS_value=
ac_cv_env_LT_SYS_LIBRARY_PATH_set=
ac_cv_env_LT_SYS_LIBRARY_PATH_value=
ac_cv_env_build_alias_set=
ac_cv_env_build_alias_value=
ac_cv_env_host_alias_set=
ac_cv_env_host_alias_value=
ac_cv_env_target_alias_set=
ac_cv_env_target_alias_value=
ac_cv_func_aligned_alloc=yes
ac_cv_func_posix_memalign=yes
ac_cv_header_arpa_inet_h=yes
ac_cv_header_dlfcn_h=yes
ac_cv_header_inttypes_h=yes
ac_cv_header_memory_h=yes
ac_cv_header_netinet_in_h=yes
ac_cv_header_stdc=yes
ac_cv_header_stdint_h=yes
ac_cv_header_stdlib_h=yes
ac_cv_header_string_h=yes
ac_cv_header_strings_h=yes
ac_cv_header_sys_stat_h=yes
ac_cv_header_sys_types_h=yes
ac_cv_header_unistd_h=yes
ac_cv_host=x86_64-apple-darwin20.6.0
ac_cv_objext=o
ac_cv_path_EGREP='/usr/bin/grep -E'
ac_cv_path_FGREP='/usr/bin/grep -F'
ac_cv_path_GREP=/usr/bin/grep
ac_cv_path_SED=/usr/bin/sed
ac_cv_path_install='/usr/bin/install -c'
ac_cv_path_lt_DD=/bin/dd
ac_cv_prog_AWK=awk
ac_cv_prog_CPP='/Users/simone/mylibs/openmpi-4.1.0/build_gcc9/bin/mpicc -E'
ac_cv_prog_P4EST_MPIRUN=mpiexec
ac_cv_prog_ac_ct_AR=ar
ac_cv_prog_ac_ct_CC=/Users/simone/mylibs/openmpi-4.1.0/build_gcc9/bin/mpicc
ac_cv_prog_ac_ct_DSYMUTIL=dsymutil
ac_cv_prog_ac_ct_LIPO=lipo
ac_cv_prog_ac_ct_NMEDIT=nmedit
ac_cv_prog_ac_ct_OBJDUMP=objdump
ac_cv_prog_ac_ct_OTOOL=otool
ac_cv_prog_ac_ct_RANLIB=ranlib
ac_cv_prog_ac_ct_STRIP=strip
ac_cv_prog_cc__Users_simone_mylibs_openmpi_4_1_0_build_gcc9_bin_mpicc_c_o=yes
ac_cv_prog_cc_c89=
ac_cv_prog_cc_g=yes
ac_cv_prog_make_make_set=yes
ac_cv_search_adler32_combine=-lz
ac_cv_search_fabs='none required'
ac_cv_sizeof_void_p=8
am_cv_CC_dependencies_compiler_type=gcc3
am_cv_ar_interface=ar
am_cv_make_support_nested_variables=yes
am_cv_prog_cc_c_o=yes
lt_cv_apple_cc_single_mod=yes
lt_cv_ar_at_file=no
lt_cv_deplibs_check_method=pass_all
lt_cv_file_magic_cmd='$MAGIC_CMD'
lt_cv_file_magic_test_file=
lt_cv_ld_exported_symbols_list=yes
lt_cv_ld_force_load=yes
lt_cv_ld_reload_flag=-r
lt_cv_nm_interface='BSD nm'
lt_cv_objdir=.libs
lt_cv_path_LD=/opt/local/bin/ld
lt_cv_path_NM='/opt/local/bin/nm -B'
lt_cv_path_mainfest_tool=no
lt_cv_prog_compiler_c_o=yes
lt_cv_prog_compiler_pic='-fno-common -DPIC'
lt_cv_prog_compiler_pic_works=yes
lt_cv_prog_compiler_rtti_exceptions=no
lt_cv_prog_compiler_static_works=no
lt_cv_prog_gnu_ld=no
lt_cv_sharedlib_from_linklib_cmd='printf %s\n'
lt_cv_sys_global_symbol_pipe='sed -n -e '\''s/^.*[	 ]\([BCDEGRST][BCDEGRST]*\)[	 ][	 ]*_\([_A-Za-z][_A-Za-z0-9]*\)$/\1 _\2 \2/p'\'' | sed '\''/ __gnu_lto/d'\'''
lt_cv_sys_global_symbol_to_c_name_address='sed -n -e '\''s/^: \(.*\) .*$/  {"\1", (void *) 0},/p'\'' -e '\''s/^[BCDEGRST][BCDEGRST]* .* \(.*\)$/  {"\1", (void *) \&\1},/p'\'''
lt_cv_sys_global_symbol_to_c_name_address_lib_prefix='sed -n -e '\''s/^: \(.*\) .*$/  {"\1", (void *) 0},/p'\'' -e '\''s/^[BCDEGRST][BCDEGRST]* .* \(lib.*\)$/  {"\1", (void *) \&\1},/p'\'' -e '\''s/^[BCDEGRST][BCDEGRST]* .* \(.*\)$/  {"lib\1", (void *) \&\1},/p'\'''
lt_cv_sys_global_symbol_to_cdecl='sed -n -e '\''s/^T .* \(.*\)$/extern int \1();/p'\'' -e '\''s/^[BCDEGRST][BCDEGRST]* .* \(.*\)$/extern char \1;/p'\'''
lt_cv_sys_global_symbol_to_import=
lt_cv_sys_max_cmd_len=786432
lt_cv_to_host_file_cmd=func_convert_file_noop
lt_cv_to_tool_file_cmd=func_convert_file_noop
lt_cv_truncate_bin='/bin/dd bs=4096 count=1'

## ----------------- ##
## Output variables. ##
## ----------------- ##

ACLOCAL='${SHELL} /Users/simone/Work/Codes/mmesh3d/github/MMesh3D/p4est/build-aux/missing aclocal-1.16'
AMDEPBACKSLASH='\'
AMDEP_FALSE='#'
AMDEP_TRUE=''
AMTAR='$${TAR-tar}'
AM_BACKSLASH='\'
AM_DEFAULT_V='$(AM_DEFAULT_VERBOSITY)'
AM_DEFAULT_VERBOSITY='1'
AM_V='$(V)'
AR='ar'
AUTOCONF='${SHELL} /Users/simone/Work/Codes/mmesh3d/github/MMesh3D/p4est/build-aux/missing autoconf'
AUTOHEADER='${SHELL} /Users/simone/Work/Codes/mmesh3d/github/MMesh3D/p4est/build-aux/missing autoheader'
AUTOMAKE='${SHELL} /Users/simone/Work/Codes/mmesh3d/github/MMesh3D/p4est/build-aux/missing automake-1.16'
AWK='awk'
CC='/Users/simone/mylibs/openmpi-4.1.0/build_gcc9/bin/mpicc'
CCDEPMODE='depmode=gcc3'
CFLAGS='-g -O2'
CPP='/Users/simone/mylibs/openmpi-4.1.0/build_gcc9/bin/mpicc -E'
CPPFLAGS=''
CYGPATH_W='echo'
DEFS='-DHAVE_CONFIG_H'
DEPDIR='.deps'
DLLTOOL='false'
DSYMUTIL='dsymutil'
DUMPBIN=''
ECHO_C='\c'
ECHO_N=''
ECHO_T=''
EGREP='/usr/bin/grep -E'
EXEEXT=''
FGREP='/usr/bin/grep -F'
GREP='/usr/bin/grep'
INSTALL_DATA='${INSTALL} -m 644'
INSTALL_PROGRAM='${INSTALL}'
INSTALL_SCRIPT='${INSTALL}'
INSTALL_STRIP_PROGRAM='$(install_sh) -c -s'
LD='/opt/local/bin/ld'
LDFLAGS=''
LIBOBJS=''
LIBS='-lz '
LIBTOOL='$(SHELL) $(top_builddir)/libtool'
LIPO='lipo'
LN_S='ln -s'
LTLIBOBJS=''
LT_SYS_LIBRARY_PATH=''
MAKEINFO='${SHELL} /Users/simone/Work/Codes/mmesh3d/github/MMesh3D/p4est/build-aux/missing makeinfo'
MANIFEST_TOOL=':'
MKDIR_P='build-aux/install-sh -c -d'
NM='/opt/local/bin/nm -B'
NMEDIT='nmedit'
OBJDUMP='objdump'
OBJEXT='o'
OTOOL64=':'
OTOOL='otool'
P4EST_DISTCLEAN=' P4EST_SC_SOURCE.log'
P4EST_DIST_DENY_FALSE=''
P4EST_DIST_DENY_TRUE='#'
P4EST_ENABLE_BUILD_2D_FALSE='#'
P4EST_ENABLE_BUILD_2D_TRUE=''
P4EST_ENABLE_BUILD_3D_FALSE='#'
P4EST_ENABLE_BUILD_3D_TRUE=''
P4EST_ENABLE_BUILD_P6EST_FALSE='#'
P4EST_ENABLE_BUILD_P6EST_TRUE=''
P4EST_ENABLE_DEBUG_FALSE=''
P4EST_ENABLE_DEBUG_TRUE='#'
P4EST_ENABLE_MEMALIGN_FALSE='#'
P4EST_ENABLE_MEMALIGN_TRUE=''
P4EST_ENABLE_MPIIO_FALSE='#'
P4EST_ENABLE_MPIIO_TRUE=''
P4EST_ENABLE_MPITHREAD_FALSE='#'
P4EST_ENABLE_MPITHREAD_TRUE=''
P4EST_ENABLE_MPI_FALSE='#'
P4EST_ENABLE_MPI_TRUE=''
P4EST_ENABLE_OPENMP_FALSE=''
P4EST_ENABLE_OPENMP_TRUE='#'
P4EST_ENABLE_PTHREAD_FALSE=''
P4EST_ENABLE_PTHREAD_TRUE='#'
P4EST_ENABLE_VTK_BINARY_FALSE='#'
P4EST_ENABLE_VTK_BINARY_TRUE=''
P4EST_ENABLE_VTK_COMPRESSION_FALSE='#'
P4EST_ENABLE_VTK_COMPRESSION_TRUE=''
P4EST_ENABLE_VTK_DOUBLES_FALSE=''
P4EST_ENABLE_VTK_DOUBLES_TRUE='#'
P4EST_HAVE_ZLIB_FALSE='#'
P4EST_HAVE_ZLIB_TRUE=''
P4EST_MPIRUN='mpiexec'
P4EST_MPIRUN_FALSE='#'
P4EST_MPIRUN_TRUE=''
P4EST_MPI_TEST_FLAGS='-n 2'
P4EST_PETSC_INCLUDE_DIRS=''
P4EST_PETSC_LINK_LIBS=''
P4EST_PROVIDE_GETOPT_FALSE=''
P4EST_PROVIDE_GETOPT_TRUE='#'
P4EST_SC_AMFLAGS='-I $(top_srcdir)/sc/config'
P4EST_SC_CPPFLAGS='-Isc/src -I$(top_srcdir)/sc/src'
P4EST_SC_LDADD='sc/src/libsc.la'
P4EST_SC_MK_INCLUDE='include ${p4est_sysconfdir}/Makefile.sc.mk'
P4EST_SC_MK_USE_FALSE=''
P4EST_SC_MK_USE_TRUE='#'
P4EST_SC_SUBDIR='sc'
P4EST_WITH_METIS_FALSE=''
P4EST_WITH_METIS_TRUE='#'
P4EST_WITH_PETSC_FALSE=''
P4EST_WITH_PETSC_TRUE='#'
P4EST_WITH_SC_FALSE=''
P4EST_WITH_SC_TRUE='#'
PACKAGE='p4est'
PACKAGE_BUGREPORT='info@p4est.org'
PACKAGE_NAME='p4est'
PACKAGE_PREFIX='P4EST'
PACKAGE_STRING='p4est 2.2.270-2697'
PACKAGE_TARNAME='p4est'
PACKAGE_URL=''
PACKAGE_VERSION='2.2.270-2697'
PATH_SEPARATOR=':'
PETSCARCH_PROG=''
RANLIB='ranlib'
SED='/usr/bin/sed'
SET_MAKE=''
SHELL='/bin/sh'
STRIP='strip'
VERSION='2.2.270-2697'
ac_ct_AR='ar'
ac_ct_CC='/Users/simone/mylibs/openmpi-4.1.0/build_gcc9/bin/mpicc'
ac_ct_DUMPBIN=''
am__EXEEXT_FALSE=''
am__EXEEXT_TRUE='#'
am__fastdepCC_FALSE='#'
am__fastdepCC_TRUE=''
am__include='include'
am__isrc=''
am__leading_dot='.'
am__nodep='_no'
am__quote=''
am__tar='$${TAR-tar} chof - "$$tardir"'
am__untar='$${TAR-tar} xf -'
bindir='${exec_prefix}/bin'
build='x86_64-apple-darwin20.6.0'
build_alias=''
build_cpu='x86_64'
build_os='darwin20.6.0'
build_vendor='apple'
datadir='${datarootdir}'
datarootdir='${prefix}/share'
docdir='${datarootdir}/doc/${PACKAGE_TARNAME}'
dvidir='${docdir}'
exec_prefix='${prefix}'
host='x86_64-apple-darwin20.6.0'
host_alias=''
host_cpu='x86_64'
host_os='darwin20.6.0'
host_vendor='apple'
htmldir='${docdir}'
includedir='${prefix}/include'
infodir='${datarootdir}/info'
install_sh='${SHELL} /Users/simone/Work/Codes/mmesh3d/github/MMesh3D/p4est/build-aux/install-sh'
libdir='${exec_prefix}/lib'
libexecdir='${exec_prefix}/libexec'
localedir='${datarootdir}/locale'
localstatedir='${prefix}/var'
mandir='${datarootdir}/man'
mkdir_p='$(MKDIR_P)'
oldincludedir='/usr/include'
pdfdir='${docdir}'
prefix='/Users/simone/Work/Codes/mmesh3d/github/MMesh3D/p4est/local'
program_transform_name='s,x,x,'
psdir='${docdir}'
sbindir='${exec_prefix}/sbin'
sharedstatedir='${prefix}/com'
subdirs=' sc'
sysconfdir='${prefix}/etc'
target_alias=''

## ----------- ##
## confdefs.h. ##
## ----------- ##

/* confdefs.h */
#define PACKAGE_NAME "p4est"
#define PACKAGE_TARNAME "p4est"
#define PACKAGE_VERSION "2.2.270-2697"
#define PACKAGE_STRING "p4est 2.2.270-2697"
#define PACKAGE_BUGREPORT "info@p4est.org"
#define PACKAGE_URL ""
#define PACKAGE "p4est"
#define VERSION "2.2.270-2697"
#define VERSION_MAJOR 2
#define VERSION_MINOR 2
#define VERSION_POINT 270-2697
#define VTK_BINARY 1
#define ENABLE_VTK_BINARY 1
#define VTK_COMPRESSION 1
#define ENABLE_VTK_COMPRESSION 1
#define BUILD_2D 1
#define ENABLE_BUILD_2D 1
#define BUILD_3D 1
#define ENABLE_BUILD_3D 1
#define BUILD_P6EST 1
#define ENABLE_BUILD_P6EST 1
#define MPI 1
#define ENABLE_MPI 1
#define MPIIO 1
#define ENABLE_MPIIO 1
#define ENABLE_MPITHREAD 1
#define ENABLE_MPIWINSHARED 1
#define ENABLE_MPICOMMSHARED 1
#define STDC_HEADERS 1
#define HAVE_SYS_TYPES_H 1
#define HAVE_SYS_STAT_H 1
#define HAVE_STDLIB_H 1
#define HAVE_STRING_H 1
#define HAVE_MEMORY_H 1
#define HAVE_STRINGS_H 1
#define HAVE_INTTYPES_H 1
#define HAVE_STDINT_H 1
#define HAVE_UNISTD_H 1
#define HAVE_DLFCN_H 1
#define LT_OBJDIR ".libs/"
#define HAVE_ZLIB 1
#define SIZEOF_VOID_P 8
#define HAVE_ALIGNED_ALLOC 1
#define HAVE_POSIX_MEMALIGN 1
#define MEMALIGN 1
#define ENABLE_MEMALIGN 1
#define MEMALIGN_BYTES (P4EST_SIZEOF_VOID_P)
#define HAVE_ARPA_INET_H 1
#define HAVE_NETINET_IN_H 1
#define HAVE_UNISTD_H 1
#define CPP "/Users/simone/mylibs/openmpi-4.1.0/build_gcc9/bin/mpicc -E"
#define CPPFLAGS ""
#define CC "/Users/simone/mylibs/openmpi-4.1.0/build_gcc9/bin/mpicc"
#define CFLAGS "-g -O2"
#define LDFLAGS ""
#define LIBS "-lz "

configure: exit 0
